#
# There is insufficient memory for the Java Runtime Environment to continue.
# Native memory allocation (malloc) failed to allocate 952816 bytes. Error detail: Chunk::new
# Possible reasons:
#   The system is out of physical RAM or swap space
#   This process is running with CompressedOops enabled, and the Java Heap may be blocking the growth of the native heap
# Possible solutions:
#   Reduce memory load on the system
#   Increase physical memory or swap space
#   Check if swap backing store is full
#   Decrease Java heap size (-Xmx/-Xms)
#   Decrease number of Java threads
#   Decrease Java thread stack sizes (-Xss)
#   Set larger code cache with -XX:ReservedCodeCacheSize=
#   JVM is running with Unscaled Compressed Oops mode in which the Java heap is
#     placed in the first 4GB address space. The Java Heap base address is the
#     maximum limit for the native heap growth. Please use -XX:HeapBaseMinAddress
#     to set the Java Heap base and to place the Java Heap above 4GB virtual address.
# This output file may be truncated or incomplete.
#
#  Out of Memory Error (arena.cpp:168), pid=24532, tid=15504
#
# JRE version: OpenJDK Runtime Environment Temurin-21.0.10+7 (21.0.10+7) (build 21.0.10+7-LTS)
# Java VM: OpenJDK 64-Bit Server VM Temurin-21.0.10+7 (21.0.10+7-LTS, mixed mode, sharing, tiered, compressed oops, compressed class ptrs, parallel gc, windows-amd64)
# No core dump will be written. Minidumps are not enabled by default on client versions of Windows
#

---------------  S U M M A R Y ------------

Command Line: --add-modules=ALL-SYSTEM --add-opens=java.base/java.util=ALL-UNNAMED --add-opens=java.base/java.lang=ALL-UNNAMED --add-opens=java.base/sun.nio.fs=ALL-UNNAMED -Declipse.application=org.eclipse.jdt.ls.core.id1 -Dosgi.bundles.defaultStartLevel=4 -Declipse.product=org.eclipse.jdt.ls.core.product -Djava.import.generatesMetadataFilesAtProjectRoot=false -DDetectVMInstallationsJob.disabled=true -Dfile.encoding=utf8 -XX:+UseParallelGC -XX:GCTimeRatio=4 -XX:AdaptiveSizePolicyWeight=90 -Dsun.zip.disableMemoryMapping=true -Xmx2G -Xms100m -Xlog:disable -javaagent:c:\Users\Dinesh pandi\.antigravity\extensions\redhat.java-1.54.0-win32-x64\lombok\lombok-1.18.39-4050.jar c:\Users\Dinesh pandi\.antigravity\extensions\redhat.java-1.54.0-win32-x64\server\plugins\org.eclipse.equinox.launcher_1.7.100.v20251111-0406.jar -configuration c:\Users\Dinesh pandi\AppData\Roaming\Antigravity\User\globalStorage\redhat.java\1.54.0\config_ss_win -data c:\Users\Dinesh pandi\AppData\Roaming\Antigravity\User\workspaceStorage\2dd161475e944954f13a2998336b4a79\redhat.java\ss_ws --pipe=\\.\pipe\lsp-b8966d22a30f1d935057e77c33dfe5e9-sock

Host: AMD Ryzen 5 7520U with Radeon Graphics         , 8 cores, 15G,  Windows 11 , 64 bit Build 26100 (10.0.26100.8246)
Time: Sat Apr 18 11:51:35 2026 India Standard Time elapsed time: 7.125941 seconds (0d 0h 0m 7s)

---------------  T H R E A D  ---------------

Current thread (0x0000017cb9659870):  JavaThread "C2 CompilerThread0" daemon [_thread_in_native, id=15504, stack(0x0000007170700000,0x0000007170800000) (1024K)]


Current CompileTask:
C2:7126 2633       4       java.lang.invoke.MethodType::makeImpl (109 bytes)

Stack: [0x0000007170700000,0x0000007170800000]
Native frames: (J=compiled Java code, j=interpreted, Vv=VM code, C=native code)
V  [jvm.dll+0x6d7a39]
V  [jvm.dll+0x8b4b26]
V  [jvm.dll+0x8b70de]
V  [jvm.dll+0x8b77c3]
V  [jvm.dll+0x284346]
V  [jvm.dll+0xc66ed]
V  [jvm.dll+0xc6c31]
V  [jvm.dll+0x2fb29e]
V  [jvm.dll+0x5fe884]
V  [jvm.dll+0x255b17]
V  [jvm.dll+0x255edd]
V  [jvm.dll+0x24e500]
V  [jvm.dll+0x24ba42]
V  [jvm.dll+0x1cb34e]
V  [jvm.dll+0x25b85d]
V  [jvm.dll+0x259dea]
V  [jvm.dll+0x3f857e]
V  [jvm.dll+0x85f59d]
V  [jvm.dll+0x6d626d]
C  [ucrtbase.dll+0x37b0]
C  [KERNEL32.DLL+0x2e8d7]
C  [ntdll.dll+0x8c3fc]


---------------  P R O C E S S  ---------------

Threads class SMR info:
_java_thread_list=0x0000017c815b66d0, length=19, elements={
0x0000017ca07eaf10, 0x0000017ca2c8d5d0, 0x0000017cb9647790, 0x0000017cb9649c10,
0x0000017cb964a9d0, 0x0000017cb964eed0, 0x0000017cb96546f0, 0x0000017cb9659870,
0x0000017c80018100, 0x0000017c801a4e80, 0x0000017c801a7c70, 0x0000017c801a6f50,
0x0000017c801a75e0, 0x0000017c801a68c0, 0x0000017c801a5ba0, 0x0000017c801a5510,
0x0000017c801a6230, 0x0000017c811d7d10, 0x0000017c811d83a0
}

Java Threads: ( => current thread )
  0x0000017ca07eaf10 JavaThread "main"                              [_thread_blocked, id=28332, stack(0x000000716fd00000,0x000000716fe00000) (1024K)]
  0x0000017ca2c8d5d0 JavaThread "Reference Handler"          daemon [_thread_blocked, id=26064, stack(0x0000007170100000,0x0000007170200000) (1024K)]
  0x0000017cb9647790 JavaThread "Finalizer"                  daemon [_thread_blocked, id=4144, stack(0x0000007170200000,0x0000007170300000) (1024K)]
  0x0000017cb9649c10 JavaThread "Signal Dispatcher"          daemon [_thread_blocked, id=21004, stack(0x0000007170300000,0x0000007170400000) (1024K)]
  0x0000017cb964a9d0 JavaThread "Attach Listener"            daemon [_thread_blocked, id=15060, stack(0x0000007170400000,0x0000007170500000) (1024K)]
  0x0000017cb964eed0 JavaThread "Service Thread"             daemon [_thread_blocked, id=12784, stack(0x0000007170500000,0x0000007170600000) (1024K)]
  0x0000017cb96546f0 JavaThread "Monitor Deflation Thread"   daemon [_thread_blocked, id=28440, stack(0x0000007170600000,0x0000007170700000) (1024K)]
=>0x0000017cb9659870 JavaThread "C2 CompilerThread0"         daemon [_thread_in_native, id=15504, stack(0x0000007170700000,0x0000007170800000) (1024K)]
  0x0000017c80018100 JavaThread "C1 CompilerThread0"         daemon [_thread_blocked, id=15492, stack(0x0000007170800000,0x0000007170900000) (1024K)]
  0x0000017c801a4e80 JavaThread "Common-Cleaner"             daemon [_thread_blocked, id=24760, stack(0x0000007170900000,0x0000007170a00000) (1024K)]
  0x0000017c801a7c70 JavaThread "Notification Thread"        daemon [_thread_blocked, id=6044, stack(0x0000007170a00000,0x0000007170b00000) (1024K)]
  0x0000017c801a6f50 JavaThread "Active Thread: Equinox Container: 002794d5-637a-461e-bc5f-2b61964e3a9a"        [_thread_blocked, id=21956, stack(0x0000007171300000,0x0000007171400000) (1024K)]
  0x0000017c801a75e0 JavaThread "Framework Event Dispatcher: Equinox Container: 002794d5-637a-461e-bc5f-2b61964e3a9a" daemon [_thread_blocked, id=13676, stack(0x0000007170c00000,0x0000007170d00000) (1024K)]
  0x0000017c801a68c0 JavaThread "Start Level: Equinox Container: 002794d5-637a-461e-bc5f-2b61964e3a9a" daemon [_thread_in_native, id=11104, stack(0x0000007171400000,0x0000007171500000) (1024K)]
  0x0000017c801a5ba0 JavaThread "SCR Component Actor"        daemon [_thread_blocked, id=26852, stack(0x0000007170b00000,0x0000007170c00000) (1024K)]
  0x0000017c801a5510 JavaThread "Worker-JM"                         [_thread_blocked, id=11872, stack(0x0000007171600000,0x0000007171700000) (1024K)]
  0x0000017c801a6230 JavaThread "JNA Cleaner"                daemon [_thread_blocked, id=25948, stack(0x0000007171800000,0x0000007171900000) (1024K)]
  0x0000017c811d7d10 JavaThread "Worker-0: Checking project encoding"        [_thread_in_native, id=26696, stack(0x0000007171900000,0x0000007171a00000) (1024K)]
  0x0000017c811d83a0 JavaThread "Worker-1"                          [_thread_blocked, id=15468, stack(0x0000007171700000,0x0000007171800000) (1024K)]
Total: 19

Other Threads:
  0x0000017ca2c718f0 VMThread "VM Thread"                           [id=4176, stack(0x0000007170000000,0x0000007170100000) (1024K)]
  0x0000017ca2c42180 WatcherThread "VM Periodic Task Thread"        [id=6088, stack(0x000000716ff00000,0x0000007170000000) (1024K)]
  0x0000017ca2bf2110 WorkerThread "GC Thread#0"                     [id=19788, stack(0x000000716fe00000,0x000000716ff00000) (1024K)]
  0x0000017c80752330 WorkerThread "GC Thread#1"                     [id=17652, stack(0x0000007170d00000,0x0000007170e00000) (1024K)]
  0x0000017c807526e0 WorkerThread "GC Thread#2"                     [id=12036, stack(0x0000007170e00000,0x0000007170f00000) (1024K)]
  0x0000017c80769e00 WorkerThread "GC Thread#3"                     [id=21964, stack(0x0000007170f00000,0x0000007171000000) (1024K)]
  0x0000017c804f2690 WorkerThread "GC Thread#4"                     [id=20512, stack(0x0000007171000000,0x0000007171100000) (1024K)]
  0x0000017c804f2a40 WorkerThread "GC Thread#5"                     [id=10020, stack(0x0000007171100000,0x0000007171200000) (1024K)]
  0x0000017c804f2df0 WorkerThread "GC Thread#6"                     [id=21696, stack(0x0000007171200000,0x0000007171300000) (1024K)]
  0x0000017c80ad9b00 WorkerThread "GC Thread#7"                     [id=16764, stack(0x0000007171500000,0x0000007171600000) (1024K)]
Total: 10

Threads with active compile tasks:
C2 CompilerThread0  7167 2633       4       java.lang.invoke.MethodType::makeImpl (109 bytes)
Total: 1

VM state: not at safepoint (normal execution)

VM Mutex/Monitor currently owned by a thread: None

Heap address: 0x0000000080000000, size: 2048 MB, Compressed Oops mode: 32-bit

CDS archive(s) mapped at: [0x0000017cba000000-0x0000017cbaba0000-0x0000017cbaba0000), size 12189696, SharedBaseAddress: 0x0000017cba000000, ArchiveRelocationMode: 1.
Compressed class space mapped at: 0x0000017cbb000000-0x0000017cfb000000, reserved size: 1073741824
Narrow klass base: 0x0000017cba000000, Narrow klass shift: 0, Narrow klass range: 0x100000000

GC Precious Log:
 CardTable entry size: 512
 CPUs: 8 total, 8 available
 Memory: 15610M
 Large Page Support: Disabled
 NUMA Support: Disabled
 Compressed Oops: Enabled (32-bit)
 Alignments: Space 512K, Generation 512K, Heap 2M
 Heap Min Capacity: 100M
 Heap Initial Capacity: 100M
 Heap Max Capacity: 2G
 Pre-touch: Disabled
 Parallel Workers: 8

Heap:
 PSYoungGen      total 29696K, used 10855K [0x00000000d5580000, 0x00000000d7680000, 0x0000000100000000)
  eden space 25600K, 26% used [0x00000000d5580000,0x00000000d5c1a388,0x00000000d6e80000)
  from space 4096K, 99% used [0x00000000d7280000,0x00000000d767fc50,0x00000000d7680000)
  to   space 4096K, 0% used [0x00000000d6e80000,0x00000000d6e80000,0x00000000d7280000)
 ParOldGen       total 68608K, used 11219K [0x0000000080000000, 0x0000000084300000, 0x00000000d5580000)
  object space 68608K, 16% used [0x0000000080000000,0x0000000080af4f28,0x0000000084300000)
 Metaspace       used 16191K, committed 16832K, reserved 1114112K
  class space    used 1730K, committed 2048K, reserved 1048576K

Card table byte_map: [0x0000017ca2570000,0x0000017ca2980000] _byte_map_base: 0x0000017ca2170000

Marking Bits: (ParMarkBitMap*) 0x00007ff91ec73450
 Begin Bits: [0x0000017cb5080000, 0x0000017cb7080000)
 End Bits:   [0x0000017cb7080000, 0x0000017cb9080000)

Polling page: 0x0000017ca0b70000

Metaspace:

Usage:
  Non-class:     14.12 MB used.
      Class:      1.69 MB used.
       Both:     15.81 MB used.

Virtual space:
  Non-class space:       64.00 MB reserved,      14.44 MB ( 23%) committed,  1 nodes.
      Class space:        1.00 GB reserved,       2.00 MB ( <1%) committed,  1 nodes.
             Both:        1.06 GB reserved,      16.44 MB (  2%) committed. 

Chunk freelists:
   Non-Class:  1.12 MB
       Class:  14.00 MB
        Both:  15.12 MB

MaxMetaspaceSize: unlimited
CompressedClassSpaceSize: 1.00 GB
Initial GC threshold: 21.00 MB
Current GC threshold: 21.00 MB
CDS: on
 - commit_granule_bytes: 65536.
 - commit_granule_words: 8192.
 - virtual_space_node_default_size: 8388608.
 - enlarge_chunks_in_place: 1.
 - use_allocation_guard: 0.


Internal statistics:

num_allocs_failed_limit: 0.
num_arena_births: 504.
num_arena_deaths: 0.
num_vsnodes_births: 2.
num_vsnodes_deaths: 0.
num_space_committed: 263.
num_space_uncommitted: 0.
num_chunks_returned_to_freelist: 0.
num_chunks_taken_from_freelist: 1095.
num_chunk_merges: 0.
num_chunk_splits: 692.
num_chunks_enlarged: 439.
num_inconsistent_stats: 0.

CodeHeap 'non-profiled nmethods': size=120000Kb used=1192Kb max_used=1192Kb free=118807Kb
 bounds [0x0000017cad8a0000, 0x0000017cadb10000, 0x0000017cb4dd0000]
CodeHeap 'profiled nmethods': size=120000Kb used=4944Kb max_used=4944Kb free=115055Kb
 bounds [0x0000017ca5dd0000, 0x0000017ca62b0000, 0x0000017cad300000]
CodeHeap 'non-nmethods': size=5760Kb used=1272Kb max_used=1312Kb free=4487Kb
 bounds [0x0000017cad300000, 0x0000017cad570000, 0x0000017cad8a0000]
CodeCache: size=245760Kb, used=7408Kb, max_used=7448Kb, free=238349Kb
 total_blobs=3179, nmethods=2632, adapters=453, full_count=0
Compilation: enabled, stopped_count=0, restarted_count=0

Compilation events (20 events):
Event: 6.795 Thread 0x0000017c80018100 nmethod 2624 0x0000017ca629f910 code [0x0000017ca629fac0, 0x0000017ca629fdd0]
Event: 6.796 Thread 0x0000017c80018100 2625       3       java.lang.invoke.MethodHandles$Lookup::getDirectConstructorCommon (69 bytes)
Event: 6.797 Thread 0x0000017c80018100 nmethod 2625 0x0000017ca629ff10 code [0x0000017ca62a0120, 0x0000017ca62a0640]
Event: 6.797 Thread 0x0000017c80018100 2626       3       java.lang.invoke.MemberName::asConstructor (58 bytes)
Event: 6.798 Thread 0x0000017c80018100 nmethod 2626 0x0000017ca62a0890 code [0x0000017ca62a0ac0, 0x0000017ca62a10c8]
Event: 6.808 Thread 0x0000017c80018100 2628       3       java.lang.invoke.MemberName::<init> (108 bytes)
Event: 6.809 Thread 0x0000017c80018100 nmethod 2628 0x0000017ca62a1310 code [0x0000017ca62a1500, 0x0000017ca62a1988]
Event: 6.809 Thread 0x0000017c80018100 2629       3       java.lang.invoke.MethodHandles$Lookup::getDirectFieldNoSecurityManager (12 bytes)
Event: 6.810 Thread 0x0000017c80018100 nmethod 2629 0x0000017ca62a1b90 code [0x0000017ca62a1d40, 0x0000017ca62a1e80]
Event: 6.819 Thread 0x0000017c80018100 2630       1       java.util.concurrent.atomic.AtomicInteger::get (5 bytes)
Event: 6.819 Thread 0x0000017c80018100 nmethod 2630 0x0000017cad9c9c10 code [0x0000017cad9c9da0, 0x0000017cad9c9e68]
Event: 6.820 Thread 0x0000017c80018100 2631       3       java.lang.invoke.LambdaFormEditor::filterArgumentForm (121 bytes)
Event: 6.821 Thread 0x0000017c80018100 nmethod 2631 0x0000017ca62a1f10 code [0x0000017ca62a2120, 0x0000017ca62a2518]
Event: 6.826 Thread 0x0000017c80018100 2632       3       org.eclipse.osgi.framework.util.CaseInsensitiveDictionaryMap::computeHashCode (76 bytes)
Event: 6.827 Thread 0x0000017cb9659870 2633       4       java.lang.invoke.MethodType::makeImpl (109 bytes)
Event: 6.827 Thread 0x0000017c80018100 nmethod 2632 0x0000017ca62a2790 code [0x0000017ca62a29e0, 0x0000017ca62a3208]
Event: 6.831 Thread 0x0000017c80018100 2635       3       jdk.internal.org.objectweb.asm.SymbolTable::putBootstrapMethods (56 bytes)
Event: 6.832 Thread 0x0000017c80018100 nmethod 2635 0x0000017ca62a3510 code [0x0000017ca62a3720, 0x0000017ca62a3a40]
Event: 6.835 Thread 0x0000017c80018100 2636       3       java.util.Collection::stream (11 bytes)
Event: 6.846 Thread 0x0000017c80018100 nmethod 2636 0x0000017ca62a3c10 code [0x0000017ca62a3dc0, 0x0000017ca62a3fc0]

GC Heap History (8 events):
Event: 1.897 GC heap before
{Heap before GC invocations=1 (full 0):
 PSYoungGen      total 29696K, used 25600K [0x00000000d5580000, 0x00000000d7680000, 0x0000000100000000)
  eden space 25600K, 100% used [0x00000000d5580000,0x00000000d6e80000,0x00000000d6e80000)
  from space 4096K, 0% used [0x00000000d7280000,0x00000000d7280000,0x00000000d7680000)
  to   space 4096K, 0% used [0x00000000d6e80000,0x00000000d6e80000,0x00000000d7280000)
 ParOldGen       total 68608K, used 0K [0x0000000080000000, 0x0000000084300000, 0x00000000d5580000)
  object space 68608K, 0% used [0x0000000080000000,0x0000000080000000,0x0000000084300000)
 Metaspace       used 4329K, committed 4608K, reserved 1114112K
  class space    used 471K, committed 576K, reserved 1048576K
}
Event: 1.914 GC heap after
{Heap after GC invocations=1 (full 0):
 PSYoungGen      total 29696K, used 3319K [0x00000000d5580000, 0x00000000d7680000, 0x0000000100000000)
  eden space 25600K, 0% used [0x00000000d5580000,0x00000000d5580000,0x00000000d6e80000)
  from space 4096K, 81% used [0x00000000d6e80000,0x00000000d71bdea8,0x00000000d7280000)
  to   space 4096K, 0% used [0x00000000d7280000,0x00000000d7280000,0x00000000d7680000)
 ParOldGen       total 68608K, used 16K [0x0000000080000000, 0x0000000084300000, 0x00000000d5580000)
  object space 68608K, 0% used [0x0000000080000000,0x0000000080004000,0x0000000084300000)
 Metaspace       used 4329K, committed 4608K, reserved 1114112K
  class space    used 471K, committed 576K, reserved 1048576K
}
Event: 3.303 GC heap before
{Heap before GC invocations=2 (full 0):
 PSYoungGen      total 29696K, used 28919K [0x00000000d5580000, 0x00000000d7680000, 0x0000000100000000)
  eden space 25600K, 100% used [0x00000000d5580000,0x00000000d6e80000,0x00000000d6e80000)
  from space 4096K, 81% used [0x00000000d6e80000,0x00000000d71bdea8,0x00000000d7280000)
  to   space 4096K, 0% used [0x00000000d7280000,0x00000000d7280000,0x00000000d7680000)
 ParOldGen       total 68608K, used 16K [0x0000000080000000, 0x0000000084300000, 0x00000000d5580000)
  object space 68608K, 0% used [0x0000000080000000,0x0000000080004000,0x0000000084300000)
 Metaspace       used 8157K, committed 8448K, reserved 1114112K
  class space    used 861K, committed 960K, reserved 1048576K
}
Event: 3.310 GC heap after
{Heap after GC invocations=2 (full 0):
 PSYoungGen      total 29696K, used 4091K [0x00000000d5580000, 0x00000000d7680000, 0x0000000100000000)
  eden space 25600K, 0% used [0x00000000d5580000,0x00000000d5580000,0x00000000d6e80000)
  from space 4096K, 99% used [0x00000000d7280000,0x00000000d767efe8,0x00000000d7680000)
  to   space 4096K, 0% used [0x00000000d6e80000,0x00000000d6e80000,0x00000000d7280000)
 ParOldGen       total 68608K, used 1151K [0x0000000080000000, 0x0000000084300000, 0x00000000d5580000)
  object space 68608K, 1% used [0x0000000080000000,0x000000008011fe60,0x0000000084300000)
 Metaspace       used 8157K, committed 8448K, reserved 1114112K
  class space    used 861K, committed 960K, reserved 1048576K
}
Event: 4.889 GC heap before
{Heap before GC invocations=3 (full 0):
 PSYoungGen      total 29696K, used 29691K [0x00000000d5580000, 0x00000000d7680000, 0x0000000100000000)
  eden space 25600K, 100% used [0x00000000d5580000,0x00000000d6e80000,0x00000000d6e80000)
  from space 4096K, 99% used [0x00000000d7280000,0x00000000d767efe8,0x00000000d7680000)
  to   space 4096K, 0% used [0x00000000d6e80000,0x00000000d6e80000,0x00000000d7280000)
 ParOldGen       total 68608K, used 1151K [0x0000000080000000, 0x0000000084300000, 0x00000000d5580000)
  object space 68608K, 1% used [0x0000000080000000,0x000000008011fe60,0x0000000084300000)
 Metaspace       used 12956K, committed 13440K, reserved 1114112K
  class space    used 1377K, committed 1600K, reserved 1048576K
}
Event: 4.894 GC heap after
{Heap after GC invocations=3 (full 0):
 PSYoungGen      total 29696K, used 4068K [0x00000000d5580000, 0x00000000d7680000, 0x0000000100000000)
  eden space 25600K, 0% used [0x00000000d5580000,0x00000000d5580000,0x00000000d6e80000)
  from space 4096K, 99% used [0x00000000d6e80000,0x00000000d72793e8,0x00000000d7280000)
  to   space 4096K, 0% used [0x00000000d7280000,0x00000000d7280000,0x00000000d7680000)
 ParOldGen       total 68608K, used 3039K [0x0000000080000000, 0x0000000084300000, 0x00000000d5580000)
  object space 68608K, 4% used [0x0000000080000000,0x00000000802f7ee0,0x0000000084300000)
 Metaspace       used 12956K, committed 13440K, reserved 1114112K
  class space    used 1377K, committed 1600K, reserved 1048576K
}
Event: 6.008 GC heap before
{Heap before GC invocations=4 (full 0):
 PSYoungGen      total 29696K, used 29668K [0x00000000d5580000, 0x00000000d7680000, 0x0000000100000000)
  eden space 25600K, 100% used [0x00000000d5580000,0x00000000d6e80000,0x00000000d6e80000)
  from space 4096K, 99% used [0x00000000d6e80000,0x00000000d72793e8,0x00000000d7280000)
  to   space 4096K, 0% used [0x00000000d7280000,0x00000000d7280000,0x00000000d7680000)
 ParOldGen       total 68608K, used 3039K [0x0000000080000000, 0x0000000084300000, 0x00000000d5580000)
  object space 68608K, 4% used [0x0000000080000000,0x00000000802f7ee0,0x0000000084300000)
 Metaspace       used 15222K, committed 15872K, reserved 1114112K
  class space    used 1599K, committed 1920K, reserved 1048576K
}
Event: 6.019 GC heap after
{Heap after GC invocations=4 (full 0):
 PSYoungGen      total 29696K, used 4095K [0x00000000d5580000, 0x00000000d7680000, 0x0000000100000000)
  eden space 25600K, 0% used [0x00000000d5580000,0x00000000d5580000,0x00000000d6e80000)
  from space 4096K, 99% used [0x00000000d7280000,0x00000000d767fc50,0x00000000d7680000)
  to   space 4096K, 0% used [0x00000000d6e80000,0x00000000d6e80000,0x00000000d7280000)
 ParOldGen       total 68608K, used 11219K [0x0000000080000000, 0x0000000084300000, 0x00000000d5580000)
  object space 68608K, 16% used [0x0000000080000000,0x0000000080af4f28,0x0000000084300000)
 Metaspace       used 15222K, committed 15872K, reserved 1114112K
  class space    used 1599K, committed 1920K, reserved 1048576K
}

Dll operation events (10 events):
Event: 0.033 Loaded shared library c:\Users\Dinesh pandi\.antigravity\extensions\redhat.java-1.54.0-win32-x64\jre\21.0.10-win32-x86_64\bin\java.dll
Event: 0.202 Loaded shared library c:\Users\Dinesh pandi\.antigravity\extensions\redhat.java-1.54.0-win32-x64\jre\21.0.10-win32-x86_64\bin\zip.dll
Event: 0.256 Loaded shared library C:\Users\Dinesh pandi\.antigravity\extensions\redhat.java-1.54.0-win32-x64\jre\21.0.10-win32-x86_64\bin\instrument.dll
Event: 0.270 Loaded shared library C:\Users\Dinesh pandi\.antigravity\extensions\redhat.java-1.54.0-win32-x64\jre\21.0.10-win32-x86_64\bin\net.dll
Event: 0.275 Loaded shared library C:\Users\Dinesh pandi\.antigravity\extensions\redhat.java-1.54.0-win32-x64\jre\21.0.10-win32-x86_64\bin\nio.dll
Event: 0.284 Loaded shared library C:\Users\Dinesh pandi\.antigravity\extensions\redhat.java-1.54.0-win32-x64\jre\21.0.10-win32-x86_64\bin\zip.dll
Event: 0.328 Loaded shared library C:\Users\Dinesh pandi\.antigravity\extensions\redhat.java-1.54.0-win32-x64\jre\21.0.10-win32-x86_64\bin\jimage.dll
Event: 0.528 Loaded shared library c:\Users\Dinesh pandi\.antigravity\extensions\redhat.java-1.54.0-win32-x64\jre\21.0.10-win32-x86_64\bin\verify.dll
Event: 3.271 Loaded shared library C:\Users\Dinesh pandi\AppData\Roaming\Antigravity\User\globalStorage\redhat.java\1.54.0\config_ss_win\org.eclipse.equinox.launcher\org.eclipse.equinox.launcher.win32.win32.x86_64_1.3.0.v20260203-2149\eclipse_11919.dll
Event: 6.288 Loaded shared library C:\Users\Dinesh pandi\AppData\Local\Temp\jna--131203725\jna4928515462287009835.dll

Deoptimization events (20 events):
Event: 5.670 Thread 0x0000017c801a68c0 DEOPT PACKING pc=0x0000017cad9a3dbc sp=0x00000071714f4c80
Event: 5.670 Thread 0x0000017c801a68c0 DEOPT UNPACKING pc=0x0000017cad353aa2 sp=0x00000071714f4c28 mode 2
Event: 5.762 Thread 0x0000017c801a68c0 Uncommon trap: trap_request=0xffffff45 fr.pc=0x0000017cad91b4f4 relative=0x00000000000005b4
Event: 5.762 Thread 0x0000017c801a68c0 Uncommon trap: reason=unstable_if action=reinterpret pc=0x0000017cad91b4f4 method=java.io.BufferedInputStream.implRead([BII)I @ 55 c2
Event: 5.762 Thread 0x0000017c801a68c0 DEOPT PACKING pc=0x0000017cad91b4f4 sp=0x00000071714f4600
Event: 5.762 Thread 0x0000017c801a68c0 DEOPT UNPACKING pc=0x0000017cad353aa2 sp=0x00000071714f45d8 mode 2
Event: 5.836 Thread 0x0000017c801a68c0 Uncommon trap: trap_request=0xffffff45 fr.pc=0x0000017cad998d88 relative=0x0000000000000f28
Event: 5.836 Thread 0x0000017c801a68c0 Uncommon trap: reason=unstable_if action=reinterpret pc=0x0000017cad998d88 method=java.util.Properties$LineReader.readLine()I @ 256 c2
Event: 5.836 Thread 0x0000017c801a68c0 DEOPT PACKING pc=0x0000017cad998d88 sp=0x00000071714f28d0
Event: 5.837 Thread 0x0000017c801a68c0 DEOPT UNPACKING pc=0x0000017cad353aa2 sp=0x00000071714f2868 mode 2
Event: 5.906 Thread 0x0000017c801a68c0 Uncommon trap: trap_request=0xffffff45 fr.pc=0x0000017cad8d8b0c relative=0x000000000000064c
Event: 5.906 Thread 0x0000017c801a68c0 Uncommon trap: reason=unstable_if action=reinterpret pc=0x0000017cad8d8b0c method=java.lang.String.replace(Ljava/lang/CharSequence;Ljava/lang/CharSequence;)Ljava/lang/String; @ 42 c2
Event: 5.906 Thread 0x0000017c801a68c0 DEOPT PACKING pc=0x0000017cad8d8b0c sp=0x00000071714f2ed0
Event: 5.906 Thread 0x0000017c801a68c0 DEOPT UNPACKING pc=0x0000017cad353aa2 sp=0x00000071714f2e40 mode 2
Event: 6.444 Thread 0x0000017c801a68c0 DEOPT PACKING pc=0x0000017ca61b44b5 sp=0x00000071714f29f0
Event: 6.444 Thread 0x0000017c801a68c0 DEOPT UNPACKING pc=0x0000017cad354242 sp=0x00000071714f1f18 mode 0
Event: 6.593 Thread 0x0000017c801a68c0 Uncommon trap: trap_request=0xffffff45 fr.pc=0x0000017cad9b3024 relative=0x0000000000000084
Event: 6.593 Thread 0x0000017c801a68c0 Uncommon trap: reason=unstable_if action=reinterpret pc=0x0000017cad9b3024 method=java.lang.ref.SoftReference.get()Ljava/lang/Object; @ 6 c2
Event: 6.593 Thread 0x0000017c801a68c0 DEOPT PACKING pc=0x0000017cad9b3024 sp=0x00000071714f4dc0
Event: 6.593 Thread 0x0000017c801a68c0 DEOPT UNPACKING pc=0x0000017cad353aa2 sp=0x00000071714f4d58 mode 2

Classes loaded (20 events):
Event: 6.352 Loading class java/lang/reflect/UndeclaredThrowableException
Event: 6.353 Loading class java/lang/reflect/UndeclaredThrowableException done
Event: 6.353 Loading class java/lang/Class$AnnotationData
Event: 6.354 Loading class java/lang/Class$AnnotationData done
Event: 6.361 Loading class jdk/internal/reflect/MethodHandleIntegerFieldAccessorImpl
Event: 6.361 Loading class jdk/internal/reflect/MethodHandleIntegerFieldAccessorImpl done
Event: 6.409 Loading class java/io/PrintWriter
Event: 6.410 Loading class java/io/PrintWriter done
Event: 6.438 Loading class jdk/internal/reflect/MethodHandleShortFieldAccessorImpl
Event: 6.438 Loading class jdk/internal/reflect/MethodHandleShortFieldAccessorImpl done
Event: 6.438 Loading class java/lang/Short$ShortCache
Event: 6.441 Loading class java/lang/Short$ShortCache done
Event: 6.550 Loading class java/util/function/LongUnaryOperator
Event: 6.550 Loading class java/util/function/LongUnaryOperator done
Event: 6.552 Loading class java/lang/ThreadDeath
Event: 6.553 Loading class java/lang/ThreadDeath done
Event: 6.629 Loading class java/util/stream/SortedOps$SizedRefSortingSink
Event: 6.636 Loading class java/util/stream/SortedOps$SizedRefSortingSink done
Event: 6.805 Loading class java/util/concurrent/atomic/Striped64$1
Event: 6.806 Loading class java/util/concurrent/atomic/Striped64$1 done

Classes unloaded (0 events):
No events

Classes redefined (0 events):
No events

Internal exceptions (20 events):
Event: 5.917 Thread 0x0000017c801a68c0 Exception <a 'java/lang/NoSuchMethodError'{0x00000000d6dff4b8}: 'java.lang.Object java.lang.invoke.DirectMethodHandle$Holder.invokeStaticInit(java.lang.Object, int, int, int, int)'> (0x00000000d6dff4b8) 
thrown [s\src\hotspot\share\interpreter\linkResolver.cpp, line 773]
Event: 6.058 Thread 0x0000017c801a68c0 Exception <a 'java/lang/NoSuchMethodError'{0x00000000d5630440}: 'java.lang.Object java.lang.invoke.DirectMethodHandle$Holder.invokeStaticInit(java.lang.Object, java.lang.Object, int, int, int, int)'> (0x00000000d5630440) 
thrown [s\src\hotspot\share\interpreter\linkResolver.cpp, line 773]
Event: 6.362 Thread 0x0000017c801a68c0 Exception <a 'java/lang/NoSuchMethodError'{0x00000000d5737468}: 'void java.lang.invoke.DirectMethodHandle$Holder.invokeSpecial(java.lang.Object, java.lang.Object, java.lang.Object, int)'> (0x00000000d5737468) 
thrown [s\src\hotspot\share\interpreter\linkResolver.cpp, line 773]
Event: 6.364 Thread 0x0000017c801a68c0 Exception <a 'java/lang/NoSuchMethodError'{0x00000000d573b0a8}: 'void java.lang.invoke.DelegatingMethodHandle$Holder.reinvoke_L(java.lang.Object, java.lang.Object, int)'> (0x00000000d573b0a8) 
thrown [s\src\hotspot\share\interpreter\linkResolver.cpp, line 773]
Event: 6.367 Thread 0x0000017c801a68c0 Exception <a 'java/lang/NoSuchMethodError'{0x00000000d5742040}: 'int java.lang.invoke.Invokers$Holder.invokeExact_MT(java.lang.Object, java.lang.Object, java.lang.Object)'> (0x00000000d5742040) 
thrown [s\src\hotspot\share\interpreter\linkResolver.cpp, line 773]
Event: 6.447 Thread 0x0000017c801a68c0 Exception <a 'java/lang/NoSuchMethodError'{0x00000000d58551f0}: 'void java.lang.invoke.Invokers$Holder.invokeExact_MT(java.lang.Object, java.lang.Object, int, java.lang.Object)'> (0x00000000d58551f0) 
thrown [s\src\hotspot\share\interpreter\linkResolver.cpp, line 773]
Event: 6.543 Thread 0x0000017c801a68c0 Exception <a 'java/lang/NoSuchMethodError'{0x00000000d59542f8}: 'java.lang.Object java.lang.invoke.DirectMethodHandle$Holder.invokeSpecial(java.lang.Object, java.lang.Object, java.lang.Object, long, java.lang.Object)'> (0x00000000d59542f8) 
thrown [s\src\hotspot\share\interpreter\linkResolver.cpp, line 773]
Event: 6.546 Thread 0x0000017c801a68c0 Exception <a 'java/lang/NoSuchMethodError'{0x00000000d595bb40}: 'java.lang.Object java.lang.invoke.DirectMethodHandle$Holder.newInvokeSpecial(java.lang.Object, java.lang.Object, java.lang.Object, long)'> (0x00000000d595bb40) 
thrown [s\src\hotspot\share\interpreter\linkResolver.cpp, line 773]
Event: 6.547 Thread 0x0000017c801a68c0 Exception <a 'java/lang/NoSuchMethodError'{0x00000000d595fef0}: 'java.lang.Object java.lang.invoke.DirectMethodHandle$Holder.invokeSpecial(java.lang.Object, java.lang.Object, java.lang.Object, java.lang.Object, long)'> (0x00000000d595fef0) 
thrown [s\src\hotspot\share\interpreter\linkResolver.cpp, line 773]
Event: 6.548 Thread 0x0000017c801a68c0 Exception <a 'java/lang/NoSuchMethodError'{0x00000000d5963b10}: 'java.lang.Object java.lang.invoke.Invokers$Holder.linkToTargetMethod(java.lang.Object, java.lang.Object, long, java.lang.Object)'> (0x00000000d5963b10) 
thrown [s\src\hotspot\share\interpreter\linkResolver.cpp, line 773]
Event: 6.597 Thread 0x0000017c801a68c0 Exception <a 'java/lang/NoSuchMethodError'{0x00000000d59bc258}: 'int java.lang.invoke.DirectMethodHandle$Holder.invokeStaticInit(java.lang.Object, java.lang.Object, java.lang.Object)'> (0x00000000d59bc258) 
thrown [s\src\hotspot\share\interpreter\linkResolver.cpp, line 773]
Event: 6.686 Thread 0x0000017c801a68c0 Exception <a 'java/lang/IncompatibleClassChangeError'{0x00000000d5a6bb48}: Found class java.lang.Object, but interface was expected> (0x00000000d5a6bb48) 
thrown [s\src\hotspot\share\interpreter\linkResolver.cpp, line 840]
Event: 6.726 Thread 0x0000017c801a68c0 Exception <a 'java/lang/NoSuchMethodError'{0x00000000d5a84708}: 'java.lang.Object java.lang.invoke.DirectMethodHandle$Holder.invokeSpecial(java.lang.Object, java.lang.Object, java.lang.Object, int, java.lang.Object, java.lang.Object)'> (0x00000000d5a84708) 
thrown [s\src\hotspot\share\interpreter\linkResolver.cpp, line 773]
Event: 6.728 Thread 0x0000017c801a68c0 Exception <a 'java/lang/NoSuchMethodError'{0x00000000d5a8c430}: 'java.lang.Object java.lang.invoke.DirectMethodHandle$Holder.newInvokeSpecial(java.lang.Object, java.lang.Object, java.lang.Object, int, java.lang.Object)'> (0x00000000d5a8c430) 
thrown [s\src\hotspot\share\interpreter\linkResolver.cpp, line 773]
Event: 6.730 Thread 0x0000017c801a68c0 Exception <a 'java/lang/NoSuchMethodError'{0x00000000d5a903b0}: 'java.lang.Object java.lang.invoke.DirectMethodHandle$Holder.invokeSpecial(java.lang.Object, java.lang.Object, java.lang.Object, java.lang.Object, int, java.lang.Object)'> (0x00000000d5a903b0) 
thrown [s\src\hotspot\share\interpreter\linkResolver.cpp, line 773]
Event: 6.731 Thread 0x0000017c801a68c0 Exception <a 'java/lang/NoSuchMethodError'{0x00000000d5a93ef0}: 'java.lang.Object java.lang.invoke.Invokers$Holder.linkToTargetMethod(java.lang.Object, java.lang.Object, int, java.lang.Object, java.lang.Object)'> (0x00000000d5a93ef0) 
thrown [s\src\hotspot\share\interpreter\linkResolver.cpp, line 773]
Event: 6.739 Thread 0x0000017c811d7d10 Exception <a 'java/lang/NoSuchMethodError'{0x00000000d59c69d0}: 'java.lang.Object java.lang.invoke.DirectMethodHandle$Holder.invokeSpecial(java.lang.Object, java.lang.Object, int, java.lang.Object, java.lang.Object)'> (0x00000000d59c69d0) 
thrown [s\src\hotspot\share\interpreter\linkResolver.cpp, line 773]
Event: 6.743 Thread 0x0000017c811d7d10 Exception <a 'java/lang/NoSuchMethodError'{0x00000000d59cd708}: 'java.lang.Object java.lang.invoke.DirectMethodHandle$Holder.newInvokeSpecial(java.lang.Object, java.lang.Object, int, java.lang.Object)'> (0x00000000d59cd708) 
thrown [s\src\hotspot\share\interpreter\linkResolver.cpp, line 773]
Event: 6.744 Thread 0x0000017c811d7d10 Exception <a 'java/lang/NoSuchMethodError'{0x00000000d59d0fe8}: 'java.lang.Object java.lang.invoke.DirectMethodHandle$Holder.invokeSpecial(java.lang.Object, java.lang.Object, java.lang.Object, int, java.lang.Object)'> (0x00000000d59d0fe8) 
thrown [s\src\hotspot\share\interpreter\linkResolver.cpp, line 773]
Event: 6.827 Thread 0x0000017c801a68c0 Exception <a 'java/lang/NoSuchMethodError'{0x00000000d5ba1d18}: 'void java.lang.invoke.DirectMethodHandle$Holder.invokeSpecial(java.lang.Object, java.lang.Object, java.lang.Object, java.lang.Object, java.lang.Object)'> (0x00000000d5ba1d18) 
thrown [s\src\hotspot\share\interpreter\linkResolver.cpp, line 773]

ZGC Phase Switch (0 events):
No events

VM Operations (20 events):
Event: 3.303 Executing safepoint VM operation: ParallelGCFailedAllocation (Allocation Failure)
Event: 3.310 Executing safepoint VM operation: ParallelGCFailedAllocation (Allocation Failure) done
Event: 3.642 Executing non-safepoint VM operation: HandshakeAllThreads (Deoptimize)
Event: 3.642 Executing non-safepoint VM operation: HandshakeAllThreads (Deoptimize) done
Event: 4.620 Executing non-safepoint VM operation: HandshakeAllThreads (Deoptimize)
Event: 4.620 Executing non-safepoint VM operation: HandshakeAllThreads (Deoptimize) done
Event: 4.620 Executing safepoint VM operation: Cleanup
Event: 4.620 Executing safepoint VM operation: Cleanup done
Event: 4.889 Executing safepoint VM operation: ParallelGCFailedAllocation (Allocation Failure)
Event: 4.894 Executing safepoint VM operation: ParallelGCFailedAllocation (Allocation Failure) done
Event: 5.128 Executing non-safepoint VM operation: HandshakeAllThreads (Deoptimize)
Event: 5.129 Executing non-safepoint VM operation: HandshakeAllThreads (Deoptimize) done
Event: 5.150 Executing non-safepoint VM operation: HandshakeAllThreads (Deoptimize)
Event: 5.150 Executing non-safepoint VM operation: HandshakeAllThreads (Deoptimize) done
Event: 5.191 Executing non-safepoint VM operation: HandshakeAllThreads (Deoptimize)
Event: 5.191 Executing non-safepoint VM operation: HandshakeAllThreads (Deoptimize) done
Event: 6.008 Executing safepoint VM operation: ParallelGCFailedAllocation (Allocation Failure)
Event: 6.019 Executing safepoint VM operation: ParallelGCFailedAllocation (Allocation Failure) done
Event: 6.312 Executing non-safepoint VM operation: HandshakeAllThreads (Deoptimize)
Event: 6.312 Executing non-safepoint VM operation: HandshakeAllThreads (Deoptimize) done

Memory protections (0 events):
No events

Nmethod flushes (0 events):
No events

Events (20 events):
Event: 2.301 Thread 0x0000017c80018100 Thread added: 0x0000017c80873dc0
Event: 2.313 Thread 0x0000017c80018100 Thread added: 0x0000017c8072a3d0
Event: 2.804 Thread 0x0000017ca07eaf10 Thread added: 0x0000017c801a6f50
Event: 2.942 Thread 0x0000017c8072a3d0 Thread exited: 0x0000017c8072a3d0
Event: 3.242 Thread 0x0000017ca07eaf10 Thread added: 0x0000017c801a75e0
Event: 3.251 Thread 0x0000017ca07eaf10 Thread added: 0x0000017c801a68c0
Event: 3.421 Thread 0x0000017c80873dc0 Thread exited: 0x0000017c80873dc0
Event: 3.611 Thread 0x0000017c801a68c0 Thread added: 0x0000017c801a5ba0
Event: 3.996 Thread 0x0000017c80018100 Thread added: 0x0000017cb9663c10
Event: 4.002 Thread 0x0000017c80018100 Thread added: 0x0000017c81037270
Event: 4.156 Thread 0x0000017c81037270 Thread exited: 0x0000017c81037270
Event: 4.242 Thread 0x0000017cb9663c10 Thread exited: 0x0000017cb9663c10
Event: 4.761 Thread 0x0000017c801a68c0 Thread added: 0x0000017c801a5510
Event: 5.203 Thread 0x0000017c80018100 Thread added: 0x0000017c812752c0
Event: 5.400 Thread 0x0000017cb9659870 Thread added: 0x0000017c811e7320
Event: 6.304 Thread 0x0000017c811e7320 Thread exited: 0x0000017c811e7320
Event: 6.404 Thread 0x0000017c801a68c0 Thread added: 0x0000017c801a6230
Event: 6.561 Thread 0x0000017c801a68c0 Thread added: 0x0000017c811d7d10
Event: 6.640 Thread 0x0000017c812752c0 Thread exited: 0x0000017c812752c0
Event: 6.743 Thread 0x0000017c801a68c0 Thread added: 0x0000017c811d83a0


Dynamic libraries:
0x00007ff6a4330000 - 0x00007ff6a433e000 	c:\Users\Dinesh pandi\.antigravity\extensions\redhat.java-1.54.0-win32-x64\jre\21.0.10-win32-x86_64\bin\java.exe
0x00007ff9f6360000 - 0x00007ff9f65c7000 	C:\WINDOWS\SYSTEM32\ntdll.dll
0x00007ff9f5520000 - 0x00007ff9f55e9000 	C:\WINDOWS\System32\KERNEL32.DLL
0x00007ff9f3120000 - 0x00007ff9f3514000 	C:\WINDOWS\System32\KERNELBASE.dll
0x00007ff9f3d90000 - 0x00007ff9f3edb000 	C:\WINDOWS\System32\ucrtbase.dll
0x00007ff9c1090000 - 0x00007ff9c10a8000 	c:\Users\Dinesh pandi\.antigravity\extensions\redhat.java-1.54.0-win32-x64\jre\21.0.10-win32-x86_64\bin\jli.dll
0x00007ff9bed30000 - 0x00007ff9bed4e000 	c:\Users\Dinesh pandi\.antigravity\extensions\redhat.java-1.54.0-win32-x64\jre\21.0.10-win32-x86_64\bin\VCRUNTIME140.dll
0x00007ff9f4d50000 - 0x00007ff9f4f15000 	C:\WINDOWS\System32\USER32.dll
0x00007ff9f3ee0000 - 0x00007ff9f3f07000 	C:\WINDOWS\System32\win32u.dll
0x00007ff9dbef0000 - 0x00007ff9dc183000 	C:\WINDOWS\WinSxS\amd64_microsoft.windows.common-controls_6595b64144ccf1df_6.0.26100.8115_none_3e075c82e3354f9c\COMCTL32.dll
0x00007ff9f42b0000 - 0x00007ff9f42db000 	C:\WINDOWS\System32\GDI32.dll
0x00007ff9f3f10000 - 0x00007ff9f403b000 	C:\WINDOWS\System32\gdi32full.dll
0x00007ff9f42e0000 - 0x00007ff9f4389000 	C:\WINDOWS\System32\msvcrt.dll
0x00007ff9f4040000 - 0x00007ff9f40e3000 	C:\WINDOWS\System32\msvcp_win.dll
0x00007ff9f5000000 - 0x00007ff9f5032000 	C:\WINDOWS\System32\IMM32.DLL
0x00007ff9ddf30000 - 0x00007ff9ddf3c000 	c:\Users\Dinesh pandi\.antigravity\extensions\redhat.java-1.54.0-win32-x64\jre\21.0.10-win32-x86_64\bin\vcruntime140_1.dll
0x00007ff99b660000 - 0x00007ff99b6ed000 	c:\Users\Dinesh pandi\.antigravity\extensions\redhat.java-1.54.0-win32-x64\jre\21.0.10-win32-x86_64\bin\msvcp140.dll
0x00007ff91dfb0000 - 0x00007ff91ed51000 	c:\Users\Dinesh pandi\.antigravity\extensions\redhat.java-1.54.0-win32-x64\jre\21.0.10-win32-x86_64\bin\server\jvm.dll
0x00007ff9f4b30000 - 0x00007ff9f4be6000 	C:\WINDOWS\System32\ADVAPI32.dll
0x00007ff9f4a80000 - 0x00007ff9f4b27000 	C:\WINDOWS\System32\sechost.dll
0x00007ff9f5040000 - 0x00007ff9f5158000 	C:\WINDOWS\System32\RPCRT4.dll
0x00007ff9f5d60000 - 0x00007ff9f5de0000 	C:\WINDOWS\System32\WS2_32.dll
0x00007ff9e8040000 - 0x00007ff9e8076000 	C:\WINDOWS\SYSTEM32\WINMM.dll
0x00007ff9e7060000 - 0x00007ff9e706b000 	C:\WINDOWS\SYSTEM32\VERSION.dll
0x00007ff9f2ab0000 - 0x00007ff9f2b0e000 	C:\WINDOWS\SYSTEM32\POWRPROF.dll
0x00007ff9f2a70000 - 0x00007ff9f2a84000 	C:\WINDOWS\SYSTEM32\UMPDC.dll
0x00007ff9f19c0000 - 0x00007ff9f19db000 	C:\WINDOWS\SYSTEM32\kernel.appcore.dll
0x00007ff9dd950000 - 0x00007ff9dd95a000 	c:\Users\Dinesh pandi\.antigravity\extensions\redhat.java-1.54.0-win32-x64\jre\21.0.10-win32-x86_64\bin\jimage.dll
0x00007ff9e80a0000 - 0x00007ff9e82e2000 	C:\WINDOWS\SYSTEM32\DBGHELP.DLL
0x00007ff9f4570000 - 0x00007ff9f48f2000 	C:\WINDOWS\System32\combase.dll
0x00007ff9f5160000 - 0x00007ff9f5238000 	C:\WINDOWS\System32\OLEAUT32.dll
0x00007ff9dbd90000 - 0x00007ff9dbdcb000 	C:\WINDOWS\SYSTEM32\dbgcore.DLL
0x00007ff9f2fb0000 - 0x00007ff9f3055000 	C:\WINDOWS\System32\bcryptPrimitives.dll
0x00007ff9dd2f0000 - 0x00007ff9dd2ff000 	c:\Users\Dinesh pandi\.antigravity\extensions\redhat.java-1.54.0-win32-x64\jre\21.0.10-win32-x86_64\bin\instrument.dll
0x00007ff9bcc70000 - 0x00007ff9bcc90000 	c:\Users\Dinesh pandi\.antigravity\extensions\redhat.java-1.54.0-win32-x64\jre\21.0.10-win32-x86_64\bin\java.dll
0x00007ff9f55f0000 - 0x00007ff9f5d57000 	C:\WINDOWS\System32\SHELL32.dll
0x00007ff9f2e40000 - 0x00007ff9f2faa000 	C:\WINDOWS\System32\wintypes.dll
0x00007ff9f3520000 - 0x00007ff9f3d88000 	C:\WINDOWS\System32\windows.storage.dll
0x00007ff9f4900000 - 0x00007ff9f49f8000 	C:\WINDOWS\System32\SHCORE.dll
0x00007ff9f5240000 - 0x00007ff9f52a6000 	C:\WINDOWS\System32\shlwapi.dll
0x00007ff9f2b50000 - 0x00007ff9f2b79000 	C:\WINDOWS\SYSTEM32\profapi.dll
0x00007ff9dd420000 - 0x00007ff9dd438000 	c:\Users\Dinesh pandi\.antigravity\extensions\redhat.java-1.54.0-win32-x64\jre\21.0.10-win32-x86_64\bin\zip.dll
0x00007ff9ddf90000 - 0x00007ff9ddfa0000 	C:\Users\Dinesh pandi\.antigravity\extensions\redhat.java-1.54.0-win32-x64\jre\21.0.10-win32-x86_64\bin\net.dll
0x00007ff9ecd90000 - 0x00007ff9ecebd000 	C:\WINDOWS\SYSTEM32\WINHTTP.dll
0x00007ff9f1f30000 - 0x00007ff9f1f9c000 	C:\WINDOWS\system32\mswsock.dll
0x00007ff9d8010000 - 0x00007ff9d8026000 	C:\Users\Dinesh pandi\.antigravity\extensions\redhat.java-1.54.0-win32-x64\jre\21.0.10-win32-x86_64\bin\nio.dll
0x00007ff9dcb00000 - 0x00007ff9dcb10000 	c:\Users\Dinesh pandi\.antigravity\extensions\redhat.java-1.54.0-win32-x64\jre\21.0.10-win32-x86_64\bin\verify.dll
0x00007ff99dfc0000 - 0x00007ff99e005000 	C:\Users\Dinesh pandi\AppData\Roaming\Antigravity\User\globalStorage\redhat.java\1.54.0\config_ss_win\org.eclipse.equinox.launcher\org.eclipse.equinox.launcher.win32.win32.x86_64_1.3.0.v20260203-2149\eclipse_11919.dll
0x00007ff9f40f0000 - 0x00007ff9f4287000 	C:\WINDOWS\System32\ole32.dll
0x00007ff9f2210000 - 0x00007ff9f222b000 	C:\WINDOWS\SYSTEM32\CRYPTSP.dll
0x00007ff9f1920000 - 0x00007ff9f1959000 	C:\WINDOWS\system32\rsaenh.dll
0x00007ff9f1fe0000 - 0x00007ff9f2013000 	C:\WINDOWS\SYSTEM32\USERENV.dll
0x00007ff9f2b20000 - 0x00007ff9f2b4a000 	C:\WINDOWS\SYSTEM32\bcrypt.dll
0x00007ff9f2230000 - 0x00007ff9f223c000 	C:\WINDOWS\SYSTEM32\CRYPTBASE.dll
0x00007ff9f13a0000 - 0x00007ff9f13d2000 	C:\WINDOWS\SYSTEM32\IPHLPAPI.DLL
0x00007ff9f4290000 - 0x00007ff9f429a000 	C:\WINDOWS\System32\NSI.dll
0x00007ff99b960000 - 0x00007ff99b9a9000 	C:\Users\Dinesh pandi\AppData\Local\Temp\jna--131203725\jna4928515462287009835.dll
0x00007ff9f5390000 - 0x00007ff9f5398000 	C:\WINDOWS\System32\PSAPI.DLL

JVMTI agents:
c:\Users\Dinesh pandi\.antigravity\extensions\redhat.java-1.54.0-win32-x64\lombok\lombok-1.18.39-4050.jar path:c:\Users\Dinesh pandi\.antigravity\extensions\redhat.java-1.54.0-win32-x64\jre\21.0.10-win32-x86_64\bin\instrument.dll, loaded, initialized, instrumentlib options:none

dbghelp: loaded successfully - version: 4.0.5 - missing functions: none
symbol engine: initialized successfully - sym options: 0x614 - pdb path: .;c:\Users\Dinesh pandi\.antigravity\extensions\redhat.java-1.54.0-win32-x64\jre\21.0.10-win32-x86_64\bin;C:\WINDOWS\SYSTEM32;C:\WINDOWS\WinSxS\amd64_microsoft.windows.common-controls_6595b64144ccf1df_6.0.26100.8115_none_3e075c82e3354f9c;c:\Users\Dinesh pandi\.antigravity\extensions\redhat.java-1.54.0-win32-x64\jre\21.0.10-win32-x86_64\bin\server;C:\Users\Dinesh pandi\AppData\Roaming\Antigravity\User\globalStorage\redhat.java\1.54.0\config_ss_win\org.eclipse.equinox.launcher\org.eclipse.equinox.launcher.win32.win32.x86_64_1.3.0.v20260203-2149;C:\Users\Dinesh pandi\AppData\Local\Temp\jna--131203725

VM Arguments:
jvm_args: --add-modules=ALL-SYSTEM --add-opens=java.base/java.util=ALL-UNNAMED --add-opens=java.base/java.lang=ALL-UNNAMED --add-opens=java.base/sun.nio.fs=ALL-UNNAMED -Declipse.application=org.eclipse.jdt.ls.core.id1 -Dosgi.bundles.defaultStartLevel=4 -Declipse.product=org.eclipse.jdt.ls.core.product -Djava.import.generatesMetadataFilesAtProjectRoot=false -DDetectVMInstallationsJob.disabled=true -Dfile.encoding=utf8 -XX:+UseParallelGC -XX:GCTimeRatio=4 -XX:AdaptiveSizePolicyWeight=90 -Dsun.zip.disableMemoryMapping=true -Xmx2G -Xms100m -Xlog:disable -javaagent:c:\Users\Dinesh pandi\.antigravity\extensions\redhat.java-1.54.0-win32-x64\lombok\lombok-1.18.39-4050.jar 
java_command: c:\Users\Dinesh pandi\.antigravity\extensions\redhat.java-1.54.0-win32-x64\server\plugins\org.eclipse.equinox.launcher_1.7.100.v20251111-0406.jar -configuration c:\Users\Dinesh pandi\AppData\Roaming\Antigravity\User\globalStorage\redhat.java\1.54.0\config_ss_win -data c:\Users\Dinesh pandi\AppData\Roaming\Antigravity\User\workspaceStorage\2dd161475e944954f13a2998336b4a79\redhat.java\ss_ws --pipe=\\.\pipe\lsp-b8966d22a30f1d935057e77c33dfe5e9-sock
java_class_path (initial): c:\Users\Dinesh pandi\.antigravity\extensions\redhat.java-1.54.0-win32-x64\server\plugins\org.eclipse.equinox.launcher_1.7.100.v20251111-0406.jar
Launcher Type: SUN_STANDARD

[Global flags]
    uintx AdaptiveSizePolicyWeight                 = 90                                        {product} {command line}
     intx CICompilerCount                          = 4                                         {product} {ergonomic}
    uintx GCTimeRatio                              = 4                                         {product} {command line}
   size_t InitialHeapSize                          = 104857600                                 {product} {command line}
   size_t MaxHeapSize                              = 2147483648                                {product} {command line}
   size_t MaxNewSize                               = 715653120                                 {product} {ergonomic}
   size_t MinHeapDeltaBytes                        = 524288                                    {product} {ergonomic}
   size_t MinHeapSize                              = 104857600                                 {product} {command line}
   size_t NewSize                                  = 34603008                                  {product} {ergonomic}
    uintx NonNMethodCodeHeapSize                   = 5839372                                {pd product} {ergonomic}
    uintx NonProfiledCodeHeapSize                  = 122909434                              {pd product} {ergonomic}
   size_t OldSize                                  = 70254592                                  {product} {ergonomic}
    uintx ProfiledCodeHeapSize                     = 122909434                              {pd product} {ergonomic}
    uintx ReservedCodeCacheSize                    = 251658240                              {pd product} {ergonomic}
     bool SegmentedCodeCache                       = true                                      {product} {ergonomic}
   size_t SoftMaxHeapSize                          = 2147483648                             {manageable} {ergonomic}
     bool UseCompressedOops                        = true                           {product lp64_product} {ergonomic}
     bool UseLargePagesIndividualAllocation        = false                                  {pd product} {ergonomic}
     bool UseParallelGC                            = true                                      {product} {command line}

Logging:
Log output configuration:
 #0: stdout all=off uptime,level,tags foldmultilines=false
 #1: stderr all=off uptime,level,tags foldmultilines=false

Release file:
JAVA_VERSION="21.0.10" 
MODULES="java.base java.compiler java.datatransfer java.xml java.prefs java.desktop java.instrument java.logging java.management java.security.sasl java.naming java.rmi java.management.rmi java.net.http java.scripting java.security.jgss java.transaction.xa java.sql java.sql.rowset java.xml.crypto java.se java.smartcardio jdk.accessibility jdk.internal.jvmstat jdk.attach jdk.charsets jdk.internal.opt jdk.zipfs jdk.compiler jdk.crypto.ec jdk.crypto.cryptoki jdk.crypto.mscapi jdk.dynalink jdk.internal.ed jdk.editpad jdk.hotspot.agent jdk.httpserver jdk.internal.le jdk.internal.vm.ci jdk.internal.vm.compiler jdk.internal.vm.compiler.management jdk.jartool jdk.javadoc jdk.jcmd jdk.management jdk.management.agent jdk.jconsole jdk.jdeps jdk.jdwp.agent jdk.jdi jdk.jfr jdk.jshell jdk.jsobject jdk.jstatd jdk.localedata jdk.management.jfr jdk.naming.dns jdk.naming.rmi jdk.net jdk.nio.mapmode jdk.random jdk.sctp jdk.security.auth jdk.security.jgss jdk.unsupported jdk.unsupported.desktop jdk.xml.dom" 

Environment Variables:
JAVA_HOME=C:\Program Files\Java\jdk-17
PATH=C:\Program Files (x86)\VMware\VMware Workstation\bin\;C:\Program Files\Common Files\Oracle\Java\javapath;c:\Users\Dinesh pandi\AppData\Local\Programs\cursor\resources\app\bin;C:\WINDOWS\system32;C:\WINDOWS;C:\WINDOWS\System32\Wbem;C:\WINDOWS\System32\WindowsPowerShell\v1.0\;C:\WINDOWS\System32\OpenSSH\;C:\MinGW\bin;C:\Program Files\PuTTY\;C:\Users\Dinesh pandi\AppData\Local\Programs\Python\Launcher\;C:\Users\Dinesh pandi\AppData\Local\Microsoft\WindowsApps;C:\Users\Dinesh pandi\AppData\Roaming\npm;C:\Users\hp\AppData\Local\Programs\Python\Python311\Scripts\;C:\Users\hp\AppData\Local\Programs\Python\Python311\;C:\Users\Dinesh pandi\AppData\Local\Programs\cursor\resources\app\bin;c:\Users\Dinesh pandi\AppData\Local\Programs\cursor\resources\app\bin;C:\Program Files\nodejs\;C:\Users\Dinesh pandi\AppData\Local\Android\Sdk;C:\Program Files\Git\cmd;C:\Users\Dinesh pandi\AppData\Local\Android\Sdk\platform-tools;E:\SIH2025\platform-tools;C:\Program Files\Java\jdk-17;C:\Program Files\Java\jdk-17\bin;C:\Users\Dinesh pandi\AppData\Local\Android\Sdk\emulator;C:\Program Files (x86)\Microsoft SQL Server\170\Tools\Binn\;C:\Program Files\Microsoft SQL Server\170\Tools\Binn\;C:\Program Files\Microsoft SQL Server\Client SDK\ODBC\180\Tools\Binn\;C:\Program Files\Microsoft SQL Server\170\DTS\Binn\;C:\Users\Dinesh pandi\Downloads\ffmpeg-8.0.1-essentials_build\ffmpeg-8.0.1-essentials_build\bin;C:\Users\Dinesh pandi\AppData\Local\Programs\Python\Python310\Scripts\;C:\Users\Dinesh pandi\AppData\Local\Programs\Python\Python310\;C:\Program Files\Java\jdk-17\bin;C:\Program Files (x86)\VMware\VMware Workstation\bin\;C:\Program Files\Common Files\Oracle\Java\javapath;c:\Users\Dinesh pandi\AppData\Local\Programs\cursor\resources\app\bin;C:\WINDOWS\system32;C:\WINDOWS;C:\WINDOWS\System32\Wbem;C:\WINDOWS\System32\WindowsPowerShell\v1.0\;C:\WINDOWS\System32\OpenSSH\;C:\MinGW\bin;C:\Program Files\PuTTY\;C:\Users\Dinesh pandi\AppData\Local\Programs\Python\Launcher\;C:\Users\Dinesh pandi\AppData\Local\Microsoft\WindowsApps;C:\Users\Dinesh pandi\AppData\Roaming\npm;C:\Users\hp\AppData\Local\Programs\Python\Python311\Scripts\;C:\Users\hp\AppData\Local\Programs\Python\Python311\;C:\Users\Dinesh pandi\AppData\Local\Programs\cursor\resources\app\bin;c:\Users\Dinesh pandi\AppData\Local\Programs\cursor\resources\app\bin;C:\Program Files\nodejs\;C:\Users\Dinesh pandi\AppData\Local\Android\Sdk;C:\Program Files\Git\cmd;C:\Users\Dinesh pandi\AppData\Local\Android\Sdk\platform-tools;E:\SIH2025\platform-tools;C:\Program Files\Java\jdk-17;C:\Program Files\Java\jdk-17\bin;C:\Users\Dinesh pandi\AppData\Local\Android\Sdk\emulator;C:\Program Files (x86)\Microsoft SQL Server\170\Tools\Binn\;C:\Program Files\Microsoft SQL Server\170\Tools\Binn\;C:\Program Files\Microsoft SQL Server\Client SDK\ODBC\180\Tools\Binn\;C:\Program Files\Microsoft SQL Server\170\DTS\Binn\;C:\Users\Dinesh pandi\Downloads\ffmpeg-8.0.1-essentials_build\ffmpeg-8.0.1-essentials_build\bin;;C:\Users\Dinesh pandi\AppData\Local\Programs\Microsoft VS Code\bin;C:\Program Files\JetBrains\IntelliJ IDEA 2025.2.3\bin;C:\Users\Dinesh pandi\AppData\Local\Programs\Antigravity\bin
USERNAME=Dinesh pandi
OS=Windows_NT
PROCESSOR_IDENTIFIER=AMD64 Family 23 Model 160 Stepping 0, AuthenticAMD
TMP=C:\Users\DINESH~1\AppData\Local\Temp
TEMP=C:\Users\DINESH~1\AppData\Local\Temp




Periodic native trim disabled

---------------  S Y S T E M  ---------------

OS:
 Windows 11 , 64 bit Build 26100 (10.0.26100.8246)
OS uptime: 2 days 13:04 hours
Hyper-V role detected

CPU: total 8 (initial active 8) (8 cores per cpu, 2 threads per core) family 23 model 160 stepping 0 microcode 0x8a0000a, cx8, cmov, fxsr, ht, mmx, 3dnowpref, sse, sse2, sse3, ssse3, sse4a, sse4.1, sse4.2, popcnt, lzcnt, tsc, tscinvbit, avx, avx2, aes, clmul, bmi1, bmi2, adx, sha, fma, vzeroupper, clflush, clflushopt, hv, rdtscp, rdpid, f16c
Processor Information for the first 8 processors :
  Max Mhz: 2801, Current Mhz: 2483, Mhz Limit: 2801

Memory: 4k page, system-wide physical 15610M (1723M free)
TotalPageFile size 21701M (AvailPageFile size 4M)
current process WorkingSet (physical memory assigned to process): 139M, peak: 139M
current process commit charge ("private bytes"): 269M, peak: 270M

vm_info: OpenJDK 64-Bit Server VM (21.0.10+7-LTS) for windows-amd64 JRE (21.0.10+7-LTS), built on 2026-01-20T00:00:00Z by "admin" with MS VC++ 17.12 (VS2022)

END.
