#
# There is insufficient memory for the Java Runtime Environment to continue.
# Native memory allocation (malloc) failed to allocate 866112 bytes. Error detail: Chunk::new
# Possible reasons:
#   The system is out of physical RAM or swap space
#   This process is running with CompressedOops enabled, and the Java Heap may be blocking the growth of the native heap
# Possible solutions:
#   Reduce memory load on the system
#   Increase physical memory or swap space
#   Check if swap backing store is full
#   Decrease Java heap size (-Xmx/-Xms)
#   Decrease number of Java threads
#   Decrease Java thread stack sizes (-Xss)
#   Set larger code cache with -XX:ReservedCodeCacheSize=
#   JVM is running with Unscaled Compressed Oops mode in which the Java heap is
#     placed in the first 4GB address space. The Java Heap base address is the
#     maximum limit for the native heap growth. Please use -XX:HeapBaseMinAddress
#     to set the Java Heap base and to place the Java Heap above 4GB virtual address.
# This output file may be truncated or incomplete.
#
#  Out of Memory Error (arena.cpp:168), pid=11564, tid=27048
#
# JRE version: OpenJDK Runtime Environment Temurin-21.0.10+7 (21.0.10+7) (build 21.0.10+7-LTS)
# Java VM: OpenJDK 64-Bit Server VM Temurin-21.0.10+7 (21.0.10+7-LTS, mixed mode, sharing, tiered, compressed oops, compressed class ptrs, parallel gc, windows-amd64)
# No core dump will be written. Minidumps are not enabled by default on client versions of Windows
#

---------------  S U M M A R Y ------------

Command Line: --add-modules=ALL-SYSTEM --add-opens=java.base/java.util=ALL-UNNAMED --add-opens=java.base/java.lang=ALL-UNNAMED --add-opens=java.base/sun.nio.fs=ALL-UNNAMED -Declipse.application=org.eclipse.jdt.ls.core.id1 -Dosgi.bundles.defaultStartLevel=4 -Declipse.product=org.eclipse.jdt.ls.core.product -Djava.import.generatesMetadataFilesAtProjectRoot=false -DDetectVMInstallationsJob.disabled=true -Dfile.encoding=utf8 -XX:+UseParallelGC -XX:GCTimeRatio=4 -XX:AdaptiveSizePolicyWeight=90 -Dsun.zip.disableMemoryMapping=true -Xmx2G -Xms100m -Xlog:disable -javaagent:c:\Users\Dinesh pandi\.vscode\extensions\redhat.java-1.53.0-win32-x64\lombok\lombok-1.18.39-4050.jar -XX:+HeapDumpOnOutOfMemoryError -XX:HeapDumpPath=c:\Users\Dinesh pandi\AppData\Roaming\Code\User\workspaceStorage\2dd161475e944954f13a2998336b4a79\redhat.java -Daether.dependencyCollector.impl=bf c:\Users\Dinesh pandi\.vscode\extensions\redhat.java-1.53.0-win32-x64\server\plugins\org.eclipse.equinox.launcher_1.7.100.v20251111-0406.jar -configuration c:\Users\Dinesh pandi\AppData\Roaming\Code\User\globalStorage\redhat.java\1.53.0\config_win -data c:\Users\Dinesh pandi\AppData\Roaming\Code\User\workspaceStorage\2dd161475e944954f13a2998336b4a79\redhat.java\jdt_ws --pipe=\\.\pipe\lsp-6493141d11a8b31582f20686ef1edcf2-sock

Host: AMD Ryzen 5 7520U with Radeon Graphics         , 8 cores, 15G,  Windows 11 , 64 bit Build 26100 (10.0.26100.8246)
Time: Sat Apr 18 11:43:43 2026 India Standard Time elapsed time: 227.589245 seconds (0d 0h 3m 47s)

---------------  T H R E A D  ---------------

Current thread (0x000001f1d71e8400):  JavaThread "C2 CompilerThread1" daemon [_thread_in_native, id=27048, stack(0x0000007870300000,0x0000007870400000) (1024K)]


Current CompileTask:
C2:227589 13897       4       org.eclipse.jdt.internal.compiler.lookup.ModuleBinding::getOrCreateDeclaredPackage (136 bytes)

Stack: [0x0000007870300000,0x0000007870400000]
Native frames: (J=compiled Java code, j=interpreted, Vv=VM code, C=native code)
V  [jvm.dll+0x6d7a39]
V  [jvm.dll+0x8b4b26]
V  [jvm.dll+0x8b70de]
V  [jvm.dll+0x8b77c3]
V  [jvm.dll+0x284346]
V  [jvm.dll+0xc66ed]
V  [jvm.dll+0xc6c31]
V  [jvm.dll+0x3bec3b]
V  [jvm.dll+0x38b162]
V  [jvm.dll+0x38a5aa]
V  [jvm.dll+0x24c560]
V  [jvm.dll+0x24bb40]
V  [jvm.dll+0x1cb34e]
V  [jvm.dll+0x25b85d]
V  [jvm.dll+0x259dea]
V  [jvm.dll+0x3f857e]
V  [jvm.dll+0x85f59d]
V  [jvm.dll+0x6d626d]
C  [ucrtbase.dll+0x37b0]
C  [KERNEL32.DLL+0x2e8d7]
C  [ntdll.dll+0x8c3fc]


---------------  P R O C E S S  ---------------

Threads class SMR info:
_java_thread_list=0x000001f1d6729f10, length=62, elements={
0x000001f1f83c25c0, 0x000001f1f8333f80, 0x000001f1f8336170, 0x000001f1f833b4e0,
0x000001f1f833e0c0, 0x000001f1f833bf40, 0x000001f1f833cc20, 0x000001f1f8342df0,
0x000001f1f835a990, 0x000001f1d18f85a0, 0x000001f1d19d1ec0, 0x000001f1d6538640,
0x000001f1d6030e20, 0x000001f1d60314b0, 0x000001f1d6030100, 0x000001f1d6030790,
0x000001f1d6d89060, 0x000001f1d6d8b130, 0x000001f1d6d8be50, 0x000001f1d6d8c4e0,
0x000001f1d6d8b7c0, 0x000001f1d6d8aaa0, 0x000001f1d6d8cb70, 0x000001f1d6d896f0,
0x000001f1d6d89d80, 0x000001f1d6d8d200, 0x000001f1d6d8a410, 0x000001f1d6d8d890,
0x000001f1d6d8f2d0, 0x000001f1d6d8ec40, 0x000001f1d6d8f960, 0x000001f1d6d8df20,
0x000001f1d6d8e5b0, 0x000001f1d6d8fff0, 0x000001f1d6d90680, 0x000001f1d92b5840,
0x000001f1d92b4490, 0x000001f1d92b4b20, 0x000001f1d92b51b0, 0x000001f1d92b5ed0,
0x000001f1d92b2a50, 0x000001f1d92b7280, 0x000001f1d92b7910, 0x000001f1d92b99e0,
0x000001f1d92b8630, 0x000001f1d92b8cc0, 0x000001f1d92b6560, 0x000001f1d92ba070,
0x000001f1d92b9350, 0x000001f1d9a55530, 0x000001f1d9a56f70, 0x000001f1d9a54810,
0x000001f1d9a57600, 0x000001f1d9a54180, 0x000001f1d9a54ea0, 0x000001f1d9a57c90,
0x000001f1d9a58320, 0x000001f1d9a55bc0, 0x000001f1d9a56250, 0x000001f1d9a59d60,
0x000001f1d71e8400, 0x000001f1d698b330
}

Java Threads: ( => current thread )
  0x000001f1f83c25c0 JavaThread "main"                              [_thread_blocked, id=25792, stack(0x000000786c200000,0x000000786c300000) (1024K)]
  0x000001f1f8333f80 JavaThread "Reference Handler"          daemon [_thread_blocked, id=22568, stack(0x000000786c600000,0x000000786c700000) (1024K)]
  0x000001f1f8336170 JavaThread "Finalizer"                  daemon [_thread_blocked, id=5008, stack(0x000000786c700000,0x000000786c800000) (1024K)]
  0x000001f1f833b4e0 JavaThread "Signal Dispatcher"          daemon [_thread_blocked, id=17312, stack(0x000000786c800000,0x000000786c900000) (1024K)]
  0x000001f1f833e0c0 JavaThread "Attach Listener"            daemon [_thread_blocked, id=13508, stack(0x000000786c900000,0x000000786ca00000) (1024K)]
  0x000001f1f833bf40 JavaThread "Service Thread"             daemon [_thread_blocked, id=6940, stack(0x000000786ca00000,0x000000786cb00000) (1024K)]
  0x000001f1f833cc20 JavaThread "Monitor Deflation Thread"   daemon [_thread_blocked, id=6752, stack(0x000000786cb00000,0x000000786cc00000) (1024K)]
  0x000001f1f8342df0 JavaThread "C2 CompilerThread0"         daemon [_thread_in_native, id=13128, stack(0x000000786cc00000,0x000000786cd00000) (1024K)]
  0x000001f1f835a990 JavaThread "C1 CompilerThread0"         daemon [_thread_blocked, id=8776, stack(0x000000786cd00000,0x000000786ce00000) (1024K)]
  0x000001f1d18f85a0 JavaThread "Common-Cleaner"             daemon [_thread_blocked, id=19448, stack(0x000000786cf00000,0x000000786d000000) (1024K)]
  0x000001f1d19d1ec0 JavaThread "Notification Thread"        daemon [_thread_blocked, id=19704, stack(0x000000786ce00000,0x000000786cf00000) (1024K)]
  0x000001f1d6538640 JavaThread "Active Thread: Equinox Container: 8c0f2a6b-8b6f-433d-9834-a6c4ea7c76b8"        [_thread_blocked, id=12436, stack(0x000000786dc00000,0x000000786dd00000) (1024K)]
  0x000001f1d6030e20 JavaThread "Framework Event Dispatcher: Equinox Container: 8c0f2a6b-8b6f-433d-9834-a6c4ea7c76b8" daemon [_thread_blocked, id=25500, stack(0x000000786d600000,0x000000786d700000) (1024K)]
  0x000001f1d60314b0 JavaThread "Start Level: Equinox Container: 8c0f2a6b-8b6f-433d-9834-a6c4ea7c76b8" daemon [_thread_blocked, id=25252, stack(0x000000786d700000,0x000000786d800000) (1024K)]
  0x000001f1d6030100 JavaThread "Bundle File Closer"         daemon [_thread_blocked, id=4716, stack(0x000000786d800000,0x000000786d900000) (1024K)]
  0x000001f1d6030790 JavaThread "Refresh Thread: Equinox Container: 8c0f2a6b-8b6f-433d-9834-a6c4ea7c76b8" daemon [_thread_blocked, id=15724, stack(0x000000786d900000,0x000000786da00000) (1024K)]
  0x000001f1d6d89060 JavaThread "SCR Component Actor"        daemon [_thread_blocked, id=2628, stack(0x000000786da00000,0x000000786db00000) (1024K)]
  0x000001f1d6d8b130 JavaThread "Worker-JM"                         [_thread_blocked, id=18204, stack(0x000000786c000000,0x000000786c100000) (1024K)]
  0x000001f1d6d8be50 JavaThread "Worker-0: Java indexing... "        [_thread_blocked, id=1540, stack(0x000000786db00000,0x000000786dc00000) (1024K)]
  0x000001f1d6d8c4e0 JavaThread "Worker-1"                          [_thread_blocked, id=2336, stack(0x000000786dd00000,0x000000786de00000) (1024K)]
  0x000001f1d6d8b7c0 JavaThread "Worker-2: Initialize workspace"        [_thread_blocked, id=26712, stack(0x000000786de00000,0x000000786df00000) (1024K)]
  0x000001f1d6d8aaa0 JavaThread "Worker-3"                          [_thread_blocked, id=16856, stack(0x000000786e000000,0x000000786e100000) (1024K)]
  0x000001f1d6d8cb70 JavaThread "Java indexing"              daemon [_thread_in_vm, id=13220, stack(0x000000786e200000,0x000000786e300000) (1024K)]
  0x000001f1d6d896f0 JavaThread "JNA Cleaner"                daemon [_thread_blocked, id=12636, stack(0x000000786e400000,0x000000786e500000) (1024K)]
  0x000001f1d6d89d80 JavaThread "Worker-4"                          [_thread_blocked, id=11468, stack(0x000000786e700000,0x000000786e800000) (1024K)]
  0x000001f1d6d8d200 JavaThread "Worker-5"                          [_thread_blocked, id=3836, stack(0x000000786e800000,0x000000786e900000) (1024K)]
  0x000001f1d6d8a410 JavaThread "Thread-1"                   daemon [_thread_in_native, id=4452, stack(0x000000786e900000,0x000000786ea00000) (1024K)]
  0x000001f1d6d8d890 JavaThread "Thread-2"                   daemon [_thread_in_native, id=23148, stack(0x000000786ea00000,0x000000786eb00000) (1024K)]
  0x000001f1d6d8f2d0 JavaThread "Thread-3"                   daemon [_thread_in_native, id=2920, stack(0x000000786eb00000,0x000000786ec00000) (1024K)]
  0x000001f1d6d8ec40 JavaThread "Thread-4"                   daemon [_thread_in_native, id=12260, stack(0x000000786ec00000,0x000000786ed00000) (1024K)]
  0x000001f1d6d8f960 JavaThread "Thread-5"                   daemon [_thread_in_native, id=17876, stack(0x000000786ed00000,0x000000786ee00000) (1024K)]
  0x000001f1d6d8df20 JavaThread "Thread-6"                   daemon [_thread_in_native, id=26280, stack(0x000000786ee00000,0x000000786ef00000) (1024K)]
  0x000001f1d6d8e5b0 JavaThread "Thread-7"                   daemon [_thread_in_native, id=11252, stack(0x000000786ef00000,0x000000786f000000) (1024K)]
  0x000001f1d6d8fff0 JavaThread "Thread-8"                   daemon [_thread_in_native, id=19204, stack(0x000000786f000000,0x000000786f100000) (1024K)]
  0x000001f1d6d90680 JavaThread "Thread-9"                   daemon [_thread_in_native, id=13588, stack(0x000000786f100000,0x000000786f200000) (1024K)]
  0x000001f1d92b5840 JavaThread "pool-2-thread-1"                   [_thread_blocked, id=24028, stack(0x000000786f200000,0x000000786f300000) (1024K)]
  0x000001f1d92b4490 JavaThread "WorkspaceEventsHandler"            [_thread_blocked, id=2332, stack(0x000000786f300000,0x000000786f400000) (1024K)]
  0x000001f1d92b4b20 JavaThread "pool-1-thread-1"                   [_thread_blocked, id=9856, stack(0x000000786f400000,0x000000786f500000) (1024K)]
  0x000001f1d92b51b0 JavaThread "LocalFile Deleter"          daemon [_thread_blocked, id=4748, stack(0x000000786df00000,0x000000786e000000) (1024K)]
  0x000001f1d92b5ed0 JavaThread "LocalFile Deleter"          daemon [_thread_blocked, id=3656, stack(0x000000786e300000,0x000000786e400000) (1024K)]
  0x000001f1d92b2a50 JavaThread "LocalFile Deleter"          daemon [_thread_blocked, id=9452, stack(0x000000786e500000,0x000000786e600000) (1024K)]
  0x000001f1d92b7280 JavaThread "LocalFile Deleter"          daemon [_thread_blocked, id=25548, stack(0x000000786f500000,0x000000786f600000) (1024K)]
  0x000001f1d92b7910 JavaThread "LocalFile Deleter"          daemon [_thread_blocked, id=20572, stack(0x000000786f600000,0x000000786f700000) (1024K)]
  0x000001f1d92b99e0 JavaThread "LocalFile Deleter"          daemon [_thread_blocked, id=27512, stack(0x000000786f700000,0x000000786f800000) (1024K)]
  0x000001f1d92b8630 JavaThread "LocalFile Deleter"          daemon [_thread_blocked, id=16916, stack(0x000000786f800000,0x000000786f900000) (1024K)]
  0x000001f1d92b8cc0 JavaThread "LocalFile Deleter"          daemon [_thread_blocked, id=23072, stack(0x000000786f900000,0x000000786fa00000) (1024K)]
  0x000001f1d92b6560 JavaThread "Compiler Source File Reader" daemon [_thread_blocked, id=20336, stack(0x000000786fa00000,0x000000786fb00000) (1024K)]
  0x000001f1d92ba070 JavaThread "Compiler Source File Reader" daemon [_thread_blocked, id=13744, stack(0x000000786fb00000,0x000000786fc00000) (1024K)]
  0x000001f1d92b9350 JavaThread "Compiler Source File Reader" daemon [_thread_blocked, id=10064, stack(0x000000786fc00000,0x000000786fd00000) (1024K)]
  0x000001f1d9a55530 JavaThread "Compiler Source File Reader" daemon [_thread_blocked, id=15440, stack(0x000000786fd00000,0x000000786fe00000) (1024K)]
  0x000001f1d9a56f70 JavaThread "Compiler Source File Reader" daemon [_thread_blocked, id=13168, stack(0x000000786fe00000,0x000000786ff00000) (1024K)]
  0x000001f1d9a54810 JavaThread "Compiler Source File Reader" daemon [_thread_blocked, id=2980, stack(0x000000786ff00000,0x0000007870000000) (1024K)]
  0x000001f1d9a57600 JavaThread "Compiler Processing Task"   daemon [_thread_blocked, id=20188, stack(0x0000007870000000,0x0000007870100000) (1024K)]
  0x000001f1d9a54180 JavaThread "Compiler Class File Writer" daemon [_thread_blocked, id=1320, stack(0x0000007870100000,0x0000007870200000) (1024K)]
  0x000001f1d9a54ea0 JavaThread "Compiler Class File Writer" daemon [_thread_blocked, id=12328, stack(0x0000007870200000,0x0000007870300000) (1024K)]
  0x000001f1d9a57c90 JavaThread "Compiler Class File Writer" daemon [_thread_blocked, id=14524, stack(0x0000007870400000,0x0000007870500000) (1024K)]
  0x000001f1d9a58320 JavaThread "Compiler Class File Writer" daemon [_thread_blocked, id=21400, stack(0x0000007870500000,0x0000007870600000) (1024K)]
  0x000001f1d9a55bc0 JavaThread "Compiler Class File Writer" daemon [_thread_blocked, id=20796, stack(0x0000007870600000,0x0000007870700000) (1024K)]
  0x000001f1d9a56250 JavaThread "Compiler Class File Writer" daemon [_thread_blocked, id=29236, stack(0x0000007870700000,0x0000007870800000) (1024K)]
  0x000001f1d9a59d60 JavaThread "ForkJoinPool.commonPool-worker-1" daemon [_thread_blocked, id=13084, stack(0x000000786c100000,0x000000786c200000) (1024K)]
=>0x000001f1d71e8400 JavaThread "C2 CompilerThread1"         daemon [_thread_in_native, id=27048, stack(0x0000007870300000,0x0000007870400000) (1024K)]
  0x000001f1d698b330 JavaThread "C2 CompilerThread2"         daemon [_thread_in_native, id=13884, stack(0x0000007870800000,0x0000007870900000) (1024K)]
Total: 62

Other Threads:
  0x000001f1f8332610 VMThread "VM Thread"                           [id=14916, stack(0x000000786c500000,0x000000786c600000) (1024K)]
  0x000001f1f824ca00 WatcherThread "VM Periodic Task Thread"        [id=23864, stack(0x000000786c400000,0x000000786c500000) (1024K)]
  0x000001f1f83e0b10 WorkerThread "GC Thread#0"                     [id=16536, stack(0x000000786c300000,0x000000786c400000) (1024K)]
  0x000001f1d63db830 WorkerThread "GC Thread#1"                     [id=23728, stack(0x000000786d000000,0x000000786d100000) (1024K)]
  0x000001f1d63dc3f0 WorkerThread "GC Thread#2"                     [id=14844, stack(0x000000786d100000,0x000000786d200000) (1024K)]
  0x000001f1d62f5700 WorkerThread "GC Thread#3"                     [id=12296, stack(0x000000786d200000,0x000000786d300000) (1024K)]
  0x000001f1d62f5ab0 WorkerThread "GC Thread#4"                     [id=28048, stack(0x000000786d300000,0x000000786d400000) (1024K)]
  0x000001f1d62f6260 WorkerThread "GC Thread#5"                     [id=7108, stack(0x000000786d400000,0x000000786d500000) (1024K)]
  0x000001f1d62f6610 WorkerThread "GC Thread#6"                     [id=20052, stack(0x000000786d500000,0x000000786d600000) (1024K)]
  0x000001f1d64fb330 WorkerThread "GC Thread#7"                     [id=10200, stack(0x000000786bf00000,0x000000786c000000) (1024K)]
Total: 10

Threads with active compile tasks:
C2 CompilerThread0  227661 13502       4       lombok.eclipse.handlers.EclipseHandlerUtil::setGeneratedBy (10 bytes)
C2 CompilerThread1  227661 13897       4       org.eclipse.jdt.internal.compiler.lookup.ModuleBinding::getOrCreateDeclaredPackage (136 bytes)
C2 CompilerThread2  227661 13475   !   4       lombok.core.FieldAugment$ReflectionFieldAugment::getAndSet (80 bytes)
Total: 3

VM state: not at safepoint (normal execution)

VM Mutex/Monitor currently owned by a thread: None

Heap address: 0x0000000080000000, size: 2048 MB, Compressed Oops mode: 32-bit

CDS archive(s) mapped at: [0x000001f18f000000-0x000001f18fba0000-0x000001f18fba0000), size 12189696, SharedBaseAddress: 0x000001f18f000000, ArchiveRelocationMode: 1.
Compressed class space mapped at: 0x000001f190000000-0x000001f1d0000000, reserved size: 1073741824
Narrow klass base: 0x000001f18f000000, Narrow klass shift: 0, Narrow klass range: 0x100000000

GC Precious Log:
 CardTable entry size: 512
 CPUs: 8 total, 8 available
 Memory: 15610M
 Large Page Support: Disabled
 NUMA Support: Disabled
 Compressed Oops: Enabled (32-bit)
 Alignments: Space 512K, Generation 512K, Heap 2M
 Heap Min Capacity: 100M
 Heap Initial Capacity: 100M
 Heap Max Capacity: 2G
 Pre-touch: Disabled
 Parallel Workers: 8

Heap:
 PSYoungGen      total 13312K, used 4828K [0x00000000d5580000, 0x00000000d6500000, 0x0000000100000000)
  eden space 12288K, 33% used [0x00000000d5580000,0x00000000d598f068,0x00000000d6180000)
  from space 1024K, 65% used [0x00000000d6200000,0x00000000d62a8000,0x00000000d6300000)
  to   space 1536K, 0% used [0x00000000d6380000,0x00000000d6380000,0x00000000d6500000)
 ParOldGen       total 86528K, used 86241K [0x0000000080000000, 0x0000000085480000, 0x00000000d5580000)
  object space 86528K, 99% used [0x0000000080000000,0x0000000085438728,0x0000000085480000)
 Metaspace       used 71151K, committed 72640K, reserved 1114112K
  class space    used 7498K, committed 8192K, reserved 1048576K

Card table byte_map: [0x000001f1f7d60000,0x000001f1f8170000] _byte_map_base: 0x000001f1f7960000

Marking Bits: (ParMarkBitMap*) 0x00007ff92e143450
 Begin Bits: [0x000001f1fb870000, 0x000001f1fd870000)
 End Bits:   [0x000001f1fd870000, 0x000001f1ff870000)

Polling page: 0x000001f1f6240000

Metaspace:

Usage:
  Non-class:     62.16 MB used.
      Class:      7.32 MB used.
       Both:     69.48 MB used.

Virtual space:
  Non-class space:       64.00 MB reserved,      62.94 MB ( 98%) committed,  1 nodes.
      Class space:        1.00 GB reserved,       8.00 MB ( <1%) committed,  1 nodes.
             Both:        1.06 GB reserved,      70.94 MB (  7%) committed. 

Chunk freelists:
   Non-Class:  1.06 MB
       Class:  7.94 MB
        Both:  9.01 MB

MaxMetaspaceSize: unlimited
CompressedClassSpaceSize: 1.00 GB
Initial GC threshold: 21.00 MB
Current GC threshold: 97.31 MB
CDS: on
 - commit_granule_bytes: 65536.
 - commit_granule_words: 8192.
 - virtual_space_node_default_size: 8388608.
 - enlarge_chunks_in_place: 1.
 - use_allocation_guard: 0.


Internal statistics:

num_allocs_failed_limit: 9.
num_arena_births: 1240.
num_arena_deaths: 30.
num_vsnodes_births: 2.
num_vsnodes_deaths: 0.
num_space_committed: 1135.
num_space_uncommitted: 0.
num_chunks_returned_to_freelist: 42.
num_chunks_taken_from_freelist: 4382.
num_chunk_merges: 17.
num_chunk_splits: 2695.
num_chunks_enlarged: 1581.
num_inconsistent_stats: 0.

CodeHeap 'non-profiled nmethods': size=120000Kb used=10284Kb max_used=10284Kb free=109715Kb
 bounds [0x000001f187ad0000, 0x000001f1884e0000, 0x000001f18f000000]
CodeHeap 'profiled nmethods': size=120000Kb used=30519Kb max_used=30519Kb free=89480Kb
 bounds [0x000001f180000000, 0x000001f181dd0000, 0x000001f187530000]
CodeHeap 'non-nmethods': size=5760Kb used=1465Kb max_used=1534Kb free=4295Kb
 bounds [0x000001f187530000, 0x000001f1877a0000, 0x000001f187ad0000]
CodeCache: size=245760Kb, used=42268Kb, max_used=42337Kb, free=203490Kb
 total_blobs=13759, nmethods=12981, adapters=682, full_count=0
Compilation: enabled, stopped_count=0, restarted_count=0

Compilation events (20 events):
Event: 227.374 Thread 0x000001f1d71e8400 nmethod 13923 0x000001f1884d7490 code [0x000001f1884d7680, 0x000001f1884d7c98]
Event: 227.375 Thread 0x000001f1d71e8400 13896       4       org.eclipse.jdt.internal.compiler.util.CharDelegateMap::put (44 bytes)
Event: 227.379 Thread 0x000001f1f835a990 13933   !   3       org.eclipse.jdt.internal.core.Openable::exists (119 bytes)
Event: 227.380 Thread 0x000001f1f835a990 nmethod 13933 0x000001f181dc9a10 code [0x000001f181dc9dc0, 0x000001f181dcba60]
Event: 227.380 Thread 0x000001f1f835a990 13934       3       org.eclipse.jdt.internal.compiler.lookup.ModuleBinding::storedAnnotations (46 bytes)
Event: 227.381 Thread 0x000001f1f835a990 nmethod 13934 0x000001f181dcc190 code [0x000001f181dcc360, 0x000001f181dcc720]
Event: 227.382 Thread 0x000001f1f835a990 13936       3       org.eclipse.jdt.internal.compiler.util.SimpleSetOfCharArray::asArray (69 bytes)
Event: 227.383 Thread 0x000001f1f835a990 nmethod 13936 0x000001f181dcc890 code [0x000001f181dcca60, 0x000001f181dccf00]
Event: 227.389 Thread 0x000001f1f835a990 13937       3       org.eclipse.jdt.internal.compiler.lookup.Scope::isUnnecessarySamePackageImport (36 bytes)
Event: 227.390 Thread 0x000001f1f835a990 nmethod 13937 0x000001f181dcd090 code [0x000001f181dcd280, 0x000001f181dcd860]
Event: 227.411 Thread 0x000001f1d71e8400 nmethod 13896 0x000001f1884d7e90 code [0x000001f1884d8140, 0x000001f1884d9168]
Event: 227.411 Thread 0x000001f1d71e8400 13935       4       org.eclipse.jdt.internal.compiler.util.CharArrayMap::put (86 bytes)
Event: 227.417 Thread 0x000001f1d71e8400 nmethod 13935 0x000001f1884d9b90 code [0x000001f1884d9d60, 0x000001f1884da1c0]
Event: 227.417 Thread 0x000001f1d71e8400 13898       4       org.eclipse.jdt.internal.compiler.lookup.ModuleBinding::completeIfNeeded (53 bytes)
Event: 227.420 Thread 0x000001f1d71e8400 nmethod 13898 0x000001f1884da410 code [0x000001f1884da5c0, 0x000001f1884da7f0]
Event: 227.420 Thread 0x000001f1d71e8400 13835   !   4       lombok.core.AST::readConfiguration (58 bytes)
Event: 227.426 Thread 0x000001f1d71e8400 nmethod 13835 0x000001f1884daa10 code [0x000001f1884dabe0, 0x000001f1884dae40]
Event: 227.426 Thread 0x000001f1d71e8400 13897       4       org.eclipse.jdt.internal.compiler.lookup.ModuleBinding::getOrCreateDeclaredPackage (136 bytes)
Event: 227.435 Thread 0x000001f1f835a990 13938       3       org.eclipse.jdt.internal.compiler.parser.Parser::consumeImportDeclarations (5 bytes)
Event: 227.436 Thread 0x000001f1f835a990 nmethod 13938 0x000001f181dcda10 code [0x000001f181dcdbc0, 0x000001f181dcdde8]

GC Heap History (20 events):
Event: 224.039 GC heap before
{Heap before GC invocations=85 (full 3):
 PSYoungGen      total 13312K, used 13210K [0x00000000d5580000, 0x00000000d6380000, 0x0000000100000000)
  eden space 12288K, 100% used [0x00000000d5580000,0x00000000d6180000,0x00000000d6180000)
  from space 1024K, 90% used [0x00000000d6180000,0x00000000d62669c0,0x00000000d6280000)
  to   space 1024K, 0% used [0x00000000d6280000,0x00000000d6280000,0x00000000d6380000)
 ParOldGen       total 69632K, used 69520K [0x0000000080000000, 0x0000000084400000, 0x00000000d5580000)
  object space 69632K, 99% used [0x0000000080000000,0x00000000843e40d0,0x0000000084400000)
 Metaspace       used 70564K, committed 72064K, reserved 1114112K
  class space    used 7469K, committed 8192K, reserved 1048576K
}
Event: 224.041 GC heap after
{Heap after GC invocations=85 (full 3):
 PSYoungGen      total 13312K, used 599K [0x00000000d5580000, 0x00000000d6380000, 0x0000000100000000)
  eden space 12288K, 0% used [0x00000000d5580000,0x00000000d5580000,0x00000000d6180000)
  from space 1024K, 58% used [0x00000000d6280000,0x00000000d6315fa8,0x00000000d6380000)
  to   space 1024K, 0% used [0x00000000d6180000,0x00000000d6180000,0x00000000d6280000)
 ParOldGen       total 70656K, used 70337K [0x0000000080000000, 0x0000000084500000, 0x00000000d5580000)
  object space 70656K, 99% used [0x0000000080000000,0x00000000844b0590,0x0000000084500000)
 Metaspace       used 70564K, committed 72064K, reserved 1114112K
  class space    used 7469K, committed 8192K, reserved 1048576K
}
Event: 224.221 GC heap before
{Heap before GC invocations=86 (full 3):
 PSYoungGen      total 13312K, used 12887K [0x00000000d5580000, 0x00000000d6380000, 0x0000000100000000)
  eden space 12288K, 100% used [0x00000000d5580000,0x00000000d6180000,0x00000000d6180000)
  from space 1024K, 58% used [0x00000000d6280000,0x00000000d6315fa8,0x00000000d6380000)
  to   space 1024K, 0% used [0x00000000d6180000,0x00000000d6180000,0x00000000d6280000)
 ParOldGen       total 70656K, used 70337K [0x0000000080000000, 0x0000000084500000, 0x00000000d5580000)
  object space 70656K, 99% used [0x0000000080000000,0x00000000844b0590,0x0000000084500000)
 Metaspace       used 70566K, committed 72064K, reserved 1114112K
  class space    used 7469K, committed 8192K, reserved 1048576K
}
Event: 224.223 GC heap after
{Heap after GC invocations=86 (full 3):
 PSYoungGen      total 13312K, used 766K [0x00000000d5580000, 0x00000000d6380000, 0x0000000100000000)
  eden space 12288K, 0% used [0x00000000d5580000,0x00000000d5580000,0x00000000d6180000)
  from space 1024K, 74% used [0x00000000d6180000,0x00000000d623fad8,0x00000000d6280000)
  to   space 1024K, 0% used [0x00000000d6280000,0x00000000d6280000,0x00000000d6380000)
 ParOldGen       total 71168K, used 70838K [0x0000000080000000, 0x0000000084580000, 0x00000000d5580000)
  object space 71168K, 99% used [0x0000000080000000,0x000000008452d810,0x0000000084580000)
 Metaspace       used 70566K, committed 72064K, reserved 1114112K
  class space    used 7469K, committed 8192K, reserved 1048576K
}
Event: 224.279 GC heap before
{Heap before GC invocations=87 (full 3):
 PSYoungGen      total 13312K, used 12398K [0x00000000d5580000, 0x00000000d6380000, 0x0000000100000000)
  eden space 12288K, 94% used [0x00000000d5580000,0x00000000d60dbe88,0x00000000d6180000)
  from space 1024K, 74% used [0x00000000d6180000,0x00000000d623fad8,0x00000000d6280000)
  to   space 1024K, 0% used [0x00000000d6280000,0x00000000d6280000,0x00000000d6380000)
 ParOldGen       total 71168K, used 70838K [0x0000000080000000, 0x0000000084580000, 0x00000000d5580000)
  object space 71168K, 99% used [0x0000000080000000,0x000000008452d810,0x0000000084580000)
 Metaspace       used 70568K, committed 72064K, reserved 1114112K
  class space    used 7469K, committed 8192K, reserved 1048576K
}
Event: 224.281 GC heap after
{Heap after GC invocations=87 (full 3):
 PSYoungGen      total 13312K, used 669K [0x00000000d5580000, 0x00000000d6380000, 0x0000000100000000)
  eden space 12288K, 0% used [0x00000000d5580000,0x00000000d5580000,0x00000000d6180000)
  from space 1024K, 65% used [0x00000000d6280000,0x00000000d63275d8,0x00000000d6380000)
  to   space 1024K, 0% used [0x00000000d6180000,0x00000000d6180000,0x00000000d6280000)
 ParOldGen       total 71680K, used 71439K [0x0000000080000000, 0x0000000084600000, 0x00000000d5580000)
  object space 71680K, 99% used [0x0000000080000000,0x00000000845c3f28,0x0000000084600000)
 Metaspace       used 70568K, committed 72064K, reserved 1114112K
  class space    used 7469K, committed 8192K, reserved 1048576K
}
Event: 225.227 GC heap before
{Heap before GC invocations=88 (full 3):
 PSYoungGen      total 13312K, used 12930K [0x00000000d5580000, 0x00000000d6380000, 0x0000000100000000)
  eden space 12288K, 99% used [0x00000000d5580000,0x00000000d6179238,0x00000000d6180000)
  from space 1024K, 65% used [0x00000000d6280000,0x00000000d63275d8,0x00000000d6380000)
  to   space 1024K, 0% used [0x00000000d6180000,0x00000000d6180000,0x00000000d6280000)
 ParOldGen       total 71680K, used 71439K [0x0000000080000000, 0x0000000084600000, 0x00000000d5580000)
  object space 71680K, 99% used [0x0000000080000000,0x00000000845c3f28,0x0000000084600000)
 Metaspace       used 70660K, committed 72192K, reserved 1114112K
  class space    used 7481K, committed 8192K, reserved 1048576K
}
Event: 225.230 GC heap after
{Heap after GC invocations=88 (full 3):
 PSYoungGen      total 13312K, used 996K [0x00000000d5580000, 0x00000000d6780000, 0x0000000100000000)
  eden space 12288K, 0% used [0x00000000d5580000,0x00000000d5580000,0x00000000d6180000)
  from space 1024K, 97% used [0x00000000d6180000,0x00000000d6279190,0x00000000d6280000)
  to   space 3072K, 0% used [0x00000000d6480000,0x00000000d6480000,0x00000000d6780000)
 ParOldGen       total 73216K, used 73066K [0x0000000080000000, 0x0000000084780000, 0x00000000d5580000)
  object space 73216K, 99% used [0x0000000080000000,0x000000008475a920,0x0000000084780000)
 Metaspace       used 70660K, committed 72192K, reserved 1114112K
  class space    used 7481K, committed 8192K, reserved 1048576K
}
Event: 225.616 GC heap before
{Heap before GC invocations=89 (full 3):
 PSYoungGen      total 13312K, used 13284K [0x00000000d5580000, 0x00000000d6780000, 0x0000000100000000)
  eden space 12288K, 100% used [0x00000000d5580000,0x00000000d6180000,0x00000000d6180000)
  from space 1024K, 97% used [0x00000000d6180000,0x00000000d6279190,0x00000000d6280000)
  to   space 3072K, 0% used [0x00000000d6480000,0x00000000d6480000,0x00000000d6780000)
 ParOldGen       total 73216K, used 73066K [0x0000000080000000, 0x0000000084780000, 0x00000000d5580000)
  object space 73216K, 99% used [0x0000000080000000,0x000000008475a920,0x0000000084780000)
 Metaspace       used 70758K, committed 72256K, reserved 1114112K
  class space    used 7489K, committed 8192K, reserved 1048576K
}
Event: 225.621 GC heap after
{Heap after GC invocations=89 (full 3):
 PSYoungGen      total 15360K, used 2768K [0x00000000d5580000, 0x00000000d6780000, 0x0000000100000000)
  eden space 12288K, 0% used [0x00000000d5580000,0x00000000d5580000,0x00000000d6180000)
  from space 3072K, 90% used [0x00000000d6480000,0x00000000d6734030,0x00000000d6780000)
  to   space 3072K, 0% used [0x00000000d6180000,0x00000000d6180000,0x00000000d6480000)
 ParOldGen       total 74240K, used 73953K [0x0000000080000000, 0x0000000084880000, 0x00000000d5580000)
  object space 74240K, 99% used [0x0000000080000000,0x0000000084838498,0x0000000084880000)
 Metaspace       used 70758K, committed 72256K, reserved 1114112K
  class space    used 7489K, committed 8192K, reserved 1048576K
}
Event: 225.951 GC heap before
{Heap before GC invocations=90 (full 3):
 PSYoungGen      total 15360K, used 15056K [0x00000000d5580000, 0x00000000d6780000, 0x0000000100000000)
  eden space 12288K, 100% used [0x00000000d5580000,0x00000000d6180000,0x00000000d6180000)
  from space 3072K, 90% used [0x00000000d6480000,0x00000000d6734030,0x00000000d6780000)
  to   space 3072K, 0% used [0x00000000d6180000,0x00000000d6180000,0x00000000d6480000)
 ParOldGen       total 74240K, used 73953K [0x0000000080000000, 0x0000000084880000, 0x00000000d5580000)
  object space 74240K, 99% used [0x0000000080000000,0x0000000084838498,0x0000000084880000)
 Metaspace       used 70874K, committed 72384K, reserved 1114112K
  class space    used 7490K, committed 8192K, reserved 1048576K
}
Event: 225.957 GC heap after
{Heap after GC invocations=90 (full 3):
 PSYoungGen      total 15360K, used 2560K [0x00000000d5580000, 0x00000000d6780000, 0x0000000100000000)
  eden space 12288K, 0% used [0x00000000d5580000,0x00000000d5580000,0x00000000d6180000)
  from space 3072K, 83% used [0x00000000d6180000,0x00000000d6400020,0x00000000d6480000)
  to   space 3072K, 0% used [0x00000000d6480000,0x00000000d6480000,0x00000000d6780000)
 ParOldGen       total 76800K, used 76596K [0x0000000080000000, 0x0000000084b00000, 0x00000000d5580000)
  object space 76800K, 99% used [0x0000000080000000,0x0000000084acd268,0x0000000084b00000)
 Metaspace       used 70874K, committed 72384K, reserved 1114112K
  class space    used 7490K, committed 8192K, reserved 1048576K
}
Event: 226.327 GC heap before
{Heap before GC invocations=91 (full 3):
 PSYoungGen      total 15360K, used 14848K [0x00000000d5580000, 0x00000000d6780000, 0x0000000100000000)
  eden space 12288K, 100% used [0x00000000d5580000,0x00000000d6180000,0x00000000d6180000)
  from space 3072K, 83% used [0x00000000d6180000,0x00000000d6400020,0x00000000d6480000)
  to   space 3072K, 0% used [0x00000000d6480000,0x00000000d6480000,0x00000000d6780000)
 ParOldGen       total 76800K, used 76596K [0x0000000080000000, 0x0000000084b00000, 0x00000000d5580000)
  object space 76800K, 99% used [0x0000000080000000,0x0000000084acd268,0x0000000084b00000)
 Metaspace       used 70972K, committed 72512K, reserved 1114112K
  class space    used 7490K, committed 8192K, reserved 1048576K
}
Event: 226.332 GC heap after
{Heap after GC invocations=91 (full 3):
 PSYoungGen      total 15360K, used 2624K [0x00000000d5580000, 0x00000000d6780000, 0x0000000100000000)
  eden space 12288K, 0% used [0x00000000d5580000,0x00000000d5580000,0x00000000d6180000)
  from space 3072K, 85% used [0x00000000d6480000,0x00000000d6710020,0x00000000d6780000)
  to   space 3072K, 0% used [0x00000000d6180000,0x00000000d6180000,0x00000000d6480000)
 ParOldGen       total 79360K, used 78961K [0x0000000080000000, 0x0000000084d80000, 0x00000000d5580000)
  object space 79360K, 99% used [0x0000000080000000,0x0000000084d1c578,0x0000000084d80000)
 Metaspace       used 70972K, committed 72512K, reserved 1114112K
  class space    used 7490K, committed 8192K, reserved 1048576K
}
Event: 226.772 GC heap before
{Heap before GC invocations=92 (full 3):
 PSYoungGen      total 15360K, used 14912K [0x00000000d5580000, 0x00000000d6780000, 0x0000000100000000)
  eden space 12288K, 100% used [0x00000000d5580000,0x00000000d6180000,0x00000000d6180000)
  from space 3072K, 85% used [0x00000000d6480000,0x00000000d6710020,0x00000000d6780000)
  to   space 3072K, 0% used [0x00000000d6180000,0x00000000d6180000,0x00000000d6480000)
 ParOldGen       total 79360K, used 78961K [0x0000000080000000, 0x0000000084d80000, 0x00000000d5580000)
  object space 79360K, 99% used [0x0000000080000000,0x0000000084d1c578,0x0000000084d80000)
 Metaspace       used 71030K, committed 72576K, reserved 1114112K
  class space    used 7495K, committed 8192K, reserved 1048576K
}
Event: 226.778 GC heap after
{Heap after GC invocations=92 (full 3):
 PSYoungGen      total 15360K, used 2592K [0x00000000d5580000, 0x00000000d6780000, 0x0000000100000000)
  eden space 12288K, 0% used [0x00000000d5580000,0x00000000d5580000,0x00000000d6180000)
  from space 3072K, 84% used [0x00000000d6180000,0x00000000d6408020,0x00000000d6480000)
  to   space 3072K, 0% used [0x00000000d6480000,0x00000000d6480000,0x00000000d6780000)
 ParOldGen       total 81920K, used 81425K [0x0000000080000000, 0x0000000085000000, 0x00000000d5580000)
  object space 81920K, 99% used [0x0000000080000000,0x0000000084f84608,0x0000000085000000)
 Metaspace       used 71030K, committed 72576K, reserved 1114112K
  class space    used 7495K, committed 8192K, reserved 1048576K
}
Event: 227.041 GC heap before
{Heap before GC invocations=93 (full 3):
 PSYoungGen      total 15360K, used 14880K [0x00000000d5580000, 0x00000000d6780000, 0x0000000100000000)
  eden space 12288K, 100% used [0x00000000d5580000,0x00000000d6180000,0x00000000d6180000)
  from space 3072K, 84% used [0x00000000d6180000,0x00000000d6408020,0x00000000d6480000)
  to   space 3072K, 0% used [0x00000000d6480000,0x00000000d6480000,0x00000000d6780000)
 ParOldGen       total 81920K, used 81425K [0x0000000080000000, 0x0000000085000000, 0x00000000d5580000)
  object space 81920K, 99% used [0x0000000080000000,0x0000000084f84608,0x0000000085000000)
 Metaspace       used 71103K, committed 72640K, reserved 1114112K
  class space    used 7496K, committed 8192K, reserved 1048576K
}
Event: 227.046 GC heap after
{Heap after GC invocations=93 (full 3):
 PSYoungGen      total 14848K, used 2528K [0x00000000d5580000, 0x00000000d6700000, 0x0000000100000000)
  eden space 12288K, 0% used [0x00000000d5580000,0x00000000d5580000,0x00000000d6180000)
  from space 2560K, 98% used [0x00000000d6480000,0x00000000d66f8020,0x00000000d6700000)
  to   space 2560K, 0% used [0x00000000d6200000,0x00000000d6200000,0x00000000d6480000)
 ParOldGen       total 83968K, used 83848K [0x0000000080000000, 0x0000000085200000, 0x00000000d5580000)
  object space 83968K, 99% used [0x0000000080000000,0x00000000851e23e8,0x0000000085200000)
 Metaspace       used 71103K, committed 72640K, reserved 1114112K
  class space    used 7496K, committed 8192K, reserved 1048576K
}
Event: 227.365 GC heap before
{Heap before GC invocations=94 (full 3):
 PSYoungGen      total 14848K, used 14816K [0x00000000d5580000, 0x00000000d6700000, 0x0000000100000000)
  eden space 12288K, 100% used [0x00000000d5580000,0x00000000d6180000,0x00000000d6180000)
  from space 2560K, 98% used [0x00000000d6480000,0x00000000d66f8020,0x00000000d6700000)
  to   space 2560K, 0% used [0x00000000d6200000,0x00000000d6200000,0x00000000d6480000)
 ParOldGen       total 83968K, used 83848K [0x0000000080000000, 0x0000000085200000, 0x00000000d5580000)
  object space 83968K, 99% used [0x0000000080000000,0x00000000851e23e8,0x0000000085200000)
 Metaspace       used 71151K, committed 72640K, reserved 1114112K
  class space    used 7498K, committed 8192K, reserved 1048576K
}
Event: 227.368 GC heap after
{Heap after GC invocations=94 (full 3):
 PSYoungGen      total 13312K, used 672K [0x00000000d5580000, 0x00000000d6500000, 0x0000000100000000)
  eden space 12288K, 0% used [0x00000000d5580000,0x00000000d5580000,0x00000000d6180000)
  from space 1024K, 65% used [0x00000000d6200000,0x00000000d62a8000,0x00000000d6300000)
  to   space 1536K, 0% used [0x00000000d6380000,0x00000000d6380000,0x00000000d6500000)
 ParOldGen       total 86528K, used 86241K [0x0000000080000000, 0x0000000085480000, 0x00000000d5580000)
  object space 86528K, 99% used [0x0000000080000000,0x0000000085438728,0x0000000085480000)
 Metaspace       used 71151K, committed 72640K, reserved 1114112K
  class space    used 7498K, committed 8192K, reserved 1048576K
}

Dll operation events (14 events):
Event: 0.058 Loaded shared library c:\Users\Dinesh pandi\.vscode\extensions\redhat.java-1.53.0-win32-x64\jre\21.0.10-win32-x86_64\bin\java.dll
Event: 0.280 Loaded shared library c:\Users\Dinesh pandi\.vscode\extensions\redhat.java-1.53.0-win32-x64\jre\21.0.10-win32-x86_64\bin\zip.dll
Event: 0.355 Loaded shared library C:\Users\Dinesh pandi\.vscode\extensions\redhat.java-1.53.0-win32-x64\jre\21.0.10-win32-x86_64\bin\instrument.dll
Event: 0.372 Loaded shared library C:\Users\Dinesh pandi\.vscode\extensions\redhat.java-1.53.0-win32-x64\jre\21.0.10-win32-x86_64\bin\net.dll
Event: 0.384 Loaded shared library C:\Users\Dinesh pandi\.vscode\extensions\redhat.java-1.53.0-win32-x64\jre\21.0.10-win32-x86_64\bin\nio.dll
Event: 0.392 Loaded shared library C:\Users\Dinesh pandi\.vscode\extensions\redhat.java-1.53.0-win32-x64\jre\21.0.10-win32-x86_64\bin\zip.dll
Event: 0.515 Loaded shared library C:\Users\Dinesh pandi\.vscode\extensions\redhat.java-1.53.0-win32-x64\jre\21.0.10-win32-x86_64\bin\jimage.dll
Event: 0.818 Loaded shared library c:\Users\Dinesh pandi\.vscode\extensions\redhat.java-1.53.0-win32-x64\jre\21.0.10-win32-x86_64\bin\verify.dll
Event: 39.016 Loaded shared library C:\Users\Dinesh pandi\AppData\Roaming\Code\User\globalStorage\redhat.java\1.53.0\config_win\org.eclipse.equinox.launcher\org.eclipse.equinox.launcher.win32.win32.x86_64_1.3.0.v20260203-2149\eclipse_11919.dll
Event: 71.168 Loaded shared library C:\Users\Dinesh pandi\.vscode\extensions\redhat.java-1.53.0-win32-x64\jre\21.0.10-win32-x86_64\bin\management.dll
Event: 71.181 Loaded shared library C:\Users\Dinesh pandi\.vscode\extensions\redhat.java-1.53.0-win32-x64\jre\21.0.10-win32-x86_64\bin\management_ext.dll
Event: 77.427 Loaded shared library C:\Users\Dinesh pandi\AppData\Local\Temp\jna--131203725\jna10703695971663323107.dll
Event: 79.286 Loaded shared library C:\Users\Dinesh pandi\.vscode\extensions\redhat.java-1.53.0-win32-x64\jre\21.0.10-win32-x86_64\bin\sunmscapi.dll
Event: 79.709 Loaded shared library C:\Users\Dinesh pandi\.vscode\extensions\redhat.java-1.53.0-win32-x64\jre\21.0.10-win32-x86_64\bin\extnet.dll

Deoptimization events (20 events):
Event: 224.839 Thread 0x000001f1d6d8cb70 DEOPT PACKING pc=0x000001f18841b774 sp=0x000000786e2fda30
Event: 224.839 Thread 0x000001f1d6d8cb70 DEOPT UNPACKING pc=0x000001f187583aa2 sp=0x000000786e2fd8d8 mode 2
Event: 225.885 Thread 0x000001f1d6d8cb70 DEOPT PACKING pc=0x000001f181bc50a2 sp=0x000000786e2fe580
Event: 225.885 Thread 0x000001f1d6d8cb70 DEOPT UNPACKING pc=0x000001f187584242 sp=0x000000786e2fdaf8 mode 0
Event: 226.092 Thread 0x000001f1d6d8cb70 Uncommon trap: trap_request=0xffffff45 fr.pc=0x000001f18847e708 relative=0x00000000000055e8
Event: 226.092 Thread 0x000001f1d6d8cb70 Uncommon trap: reason=unstable_if action=reinterpret pc=0x000001f18847e708 method=org.eclipse.jdt.core.compiler.CharOperation.equals([C[CIIZ)Z @ 22 c2
Event: 226.092 Thread 0x000001f1d6d8cb70 DEOPT PACKING pc=0x000001f18847e708 sp=0x000000786e2fd6a0
Event: 226.092 Thread 0x000001f1d6d8cb70 DEOPT UNPACKING pc=0x000001f187583aa2 sp=0x000000786e2fd5d0 mode 2
Event: 226.273 Thread 0x000001f1d6d8cb70 DEOPT PACKING pc=0x000001f181bc50a2 sp=0x000000786e2fe580
Event: 226.273 Thread 0x000001f1d6d8cb70 DEOPT UNPACKING pc=0x000001f187584242 sp=0x000000786e2fdaf8 mode 0
Event: 226.384 Thread 0x000001f1d6d8cb70 DEOPT PACKING pc=0x000001f181bc50a2 sp=0x000000786e2fe580
Event: 226.384 Thread 0x000001f1d6d8cb70 DEOPT UNPACKING pc=0x000001f187584242 sp=0x000000786e2fdaf8 mode 0
Event: 226.835 Thread 0x000001f1d6d8cb70 DEOPT PACKING pc=0x000001f181bc50a2 sp=0x000000786e2fe580
Event: 226.835 Thread 0x000001f1d6d8cb70 DEOPT UNPACKING pc=0x000001f187584242 sp=0x000000786e2fdaf8 mode 0
Event: 226.859 Thread 0x000001f1d6d8cb70 DEOPT PACKING pc=0x000001f181678dfd sp=0x000000786e2fda90
Event: 226.859 Thread 0x000001f1d6d8cb70 DEOPT UNPACKING pc=0x000001f187584242 sp=0x000000786e2fcf68 mode 0
Event: 227.195 Thread 0x000001f1d6d8cb70 DEOPT PACKING pc=0x000001f181bc50a2 sp=0x000000786e2fe500
Event: 227.195 Thread 0x000001f1d6d8cb70 DEOPT UNPACKING pc=0x000001f187584242 sp=0x000000786e2fda78 mode 0
Event: 227.387 Thread 0x000001f1d6d8cb70 DEOPT PACKING pc=0x000001f181bc50a2 sp=0x000000786e2fdf70
Event: 227.387 Thread 0x000001f1d6d8cb70 DEOPT UNPACKING pc=0x000001f187584242 sp=0x000000786e2fd4e8 mode 0

Classes loaded (20 events):
Event: 219.654 Loading class java/util/concurrent/ArrayBlockingQueue
Event: 219.655 Loading class java/util/concurrent/ArrayBlockingQueue done
Event: 219.806 Loading class java/util/Hashtable$ValueCollection
Event: 219.807 Loading class java/util/Hashtable$ValueCollection done
Event: 219.824 Loading class java/util/concurrent/ConcurrentHashMap$KeySpliterator
Event: 219.824 Loading class java/util/concurrent/ConcurrentHashMap$KeySpliterator done
Event: 220.155 Loading class java/util/stream/ReferencePipeline$4
Event: 220.155 Loading class java/util/stream/ReferencePipeline$4 done
Event: 220.157 Loading class java/util/stream/Nodes$IntFixedNodeBuilder
Event: 220.186 Loading class java/util/stream/Node$Builder$OfInt
Event: 220.186 Loading class java/util/stream/Node$Builder$OfInt done
Event: 220.186 Loading class java/util/stream/Nodes$IntArrayNode
Event: 220.186 Loading class java/util/stream/Nodes$IntArrayNode done
Event: 220.186 Loading class java/util/stream/Nodes$IntFixedNodeBuilder done
Event: 220.186 Loading class java/util/stream/ReferencePipeline$4$1
Event: 220.186 Loading class java/util/stream/ReferencePipeline$4$1 done
Event: 222.831 Loading class java/io/CharArrayWriter
Event: 222.832 Loading class java/io/CharArrayWriter done
Event: 222.847 Loading class java/nio/file/attribute/PosixFileAttributes
Event: 222.847 Loading class java/nio/file/attribute/PosixFileAttributes done

Classes unloaded (15 events):
Event: 72.956 Thread 0x000001f1f8332610 Unloading class 0x000001f1901b5000 'java/lang/invoke/LambdaForm$MH+0x000001f1901b5000'
Event: 72.956 Thread 0x000001f1f8332610 Unloading class 0x000001f1901b4c00 'java/lang/invoke/LambdaForm$MH+0x000001f1901b4c00'
Event: 72.956 Thread 0x000001f1f8332610 Unloading class 0x000001f1901b4800 'java/lang/invoke/LambdaForm$MH+0x000001f1901b4800'
Event: 72.956 Thread 0x000001f1f8332610 Unloading class 0x000001f1901b4400 'java/lang/invoke/LambdaForm$MH+0x000001f1901b4400'
Event: 72.956 Thread 0x000001f1f8332610 Unloading class 0x000001f1901b4000 'java/lang/invoke/LambdaForm$BMH+0x000001f1901b4000'
Event: 72.956 Thread 0x000001f1f8332610 Unloading class 0x000001f1901b3c00 'java/lang/invoke/LambdaForm$DMH+0x000001f1901b3c00'
Event: 72.956 Thread 0x000001f1f8332610 Unloading class 0x000001f1901b2800 'java/lang/invoke/LambdaForm$DMH+0x000001f1901b2800'
Event: 76.705 Thread 0x000001f1f8332610 Unloading class 0x000001f1902c7c00 'java/lang/invoke/LambdaForm$MH+0x000001f1902c7c00'
Event: 76.705 Thread 0x000001f1f8332610 Unloading class 0x000001f1902c6c00 'java/lang/invoke/LambdaForm$MH+0x000001f1902c6c00'
Event: 76.705 Thread 0x000001f1f8332610 Unloading class 0x000001f1902c6400 'java/lang/invoke/LambdaForm$MH+0x000001f1902c6400'
Event: 76.705 Thread 0x000001f1f8332610 Unloading class 0x000001f1902c6000 'java/lang/invoke/LambdaForm$DMH+0x000001f1902c6000'
Event: 76.705 Thread 0x000001f1f8332610 Unloading class 0x000001f1902c5800 'java/lang/invoke/LambdaForm$MH+0x000001f1902c5800'
Event: 76.705 Thread 0x000001f1f8332610 Unloading class 0x000001f1902c1400 'java/lang/invoke/LambdaForm$MH+0x000001f1902c1400'
Event: 175.689 Thread 0x000001f1f8332610 Unloading class 0x000001f190664000 'java/lang/invoke/LambdaForm$DMH+0x000001f190664000'
Event: 175.689 Thread 0x000001f1f8332610 Unloading class 0x000001f190664400 'java/lang/invoke/LambdaForm$DMH+0x000001f190664400'

Classes redefined (0 events):
No events

Internal exceptions (20 events):
Event: 203.648 Thread 0x000001f1d92b51b0 Exception <a 'sun/nio/fs/WindowsException'{0x00000000d5938ef8}> (0x00000000d5938ef8) 
thrown [s\src\hotspot\share\prims\jni.cpp, line 520]
Event: 203.650 Thread 0x000001f1d92b5ed0 Exception <a 'sun/nio/fs/WindowsException'{0x00000000d5955098}> (0x00000000d5955098) 
thrown [s\src\hotspot\share\prims\jni.cpp, line 520]
Event: 203.650 Thread 0x000001f1d92b2a50 Exception <a 'sun/nio/fs/WindowsException'{0x00000000d595b260}> (0x00000000d595b260) 
thrown [s\src\hotspot\share\prims\jni.cpp, line 520]
Event: 203.654 Thread 0x000001f1d92b51b0 Exception <a 'sun/nio/fs/WindowsException'{0x00000000d593bb98}> (0x00000000d593bb98) 
thrown [s\src\hotspot\share\prims\jni.cpp, line 520]
Event: 203.657 Thread 0x000001f1d92b7910 Exception <a 'sun/nio/fs/WindowsException'{0x00000000d59678b0}> (0x00000000d59678b0) 
thrown [s\src\hotspot\share\prims\jni.cpp, line 520]
Event: 203.657 Thread 0x000001f1d92b7280 Exception <a 'sun/nio/fs/WindowsException'{0x00000000d596d588}> (0x00000000d596d588) 
thrown [s\src\hotspot\share\prims\jni.cpp, line 520]
Event: 203.660 Thread 0x000001f1d92b8cc0 Exception <a 'sun/nio/fs/WindowsException'{0x00000000d5979e08}> (0x00000000d5979e08) 
thrown [s\src\hotspot\share\prims\jni.cpp, line 520]
Event: 203.661 Thread 0x000001f1d92b5ed0 Exception <a 'sun/nio/fs/WindowsException'{0x00000000d5957520}> (0x00000000d5957520) 
thrown [s\src\hotspot\share\prims\jni.cpp, line 520]
Event: 217.003 Thread 0x000001f1d6d8c4e0 Exception <a 'java/lang/NoSuchMethodError'{0x00000000d5d2d178}: 'java.lang.Object java.lang.invoke.DirectMethodHandle$Holder.invokeStatic(java.lang.Object, java.lang.Object, int, int)'> (0x00000000d5d2d178) 
thrown [s\src\hotspot\share\interpreter\linkResolver.cpp, line 773]
Event: 217.004 Thread 0x000001f1d6d8c4e0 Exception <a 'java/lang/NoSuchMethodError'{0x00000000d5d31578}: 'java.lang.Object java.lang.invoke.DirectMethodHandle$Holder.invokeSpecial(java.lang.Object, java.lang.Object, java.lang.Object, int, int)'> (0x00000000d5d31578) 
thrown [s\src\hotspot\share\interpreter\linkResolver.cpp, line 773]
Event: 218.467 Thread 0x000001f1d6d8cb70 Implicit null exception at 0x000001f188109927 to 0x000001f188109cbc
Event: 218.530 Thread 0x000001f1d6d8c4e0 Implicit null exception at 0x000001f1882c11cb to 0x000001f1882c1328
Event: 219.763 Thread 0x000001f1d9a57600 Exception <a 'java/lang/NoSuchMethodError'{0x00000000d5c803d0}: 'void java.lang.invoke.DirectMethodHandle$Holder.invokeStatic(java.lang.Object, int, java.lang.Object)'> (0x00000000d5c803d0) 
thrown [s\src\hotspot\share\interpreter\linkResolver.cpp, line 773]
Event: 219.827 Thread 0x000001f1d6d8c4e0 Exception <a 'java/lang/NoSuchMethodError'{0x00000000d5d756e8}: 'java.lang.Object java.lang.invoke.DirectMethodHandle$Holder.newInvokeSpecial(java.lang.Object, java.lang.Object, int, int, java.lang.Object)'> (0x00000000d5d756e8) 
thrown [s\src\hotspot\share\interpreter\linkResolver.cpp, line 773]
Event: 219.856 Thread 0x000001f1d9a57600 Implicit null exception at 0x000001f18831ce47 to 0x000001f18831d374
Event: 221.392 Thread 0x000001f1d9a57600 Implicit null exception at 0x000001f1883be9c6 to 0x000001f1883bea34
Event: 222.032 Thread 0x000001f1d6d8c4e0 Exception <a 'sun/nio/fs/WindowsException'{0x00000000d60d6fa8}> (0x00000000d60d6fa8) 
thrown [s\src\hotspot\share\prims\jni.cpp, line 520]
Event: 222.032 Thread 0x000001f1d6d8c4e0 Exception <a 'sun/nio/fs/WindowsException'{0x00000000d60d75d8}> (0x00000000d60d75d8) 
thrown [s\src\hotspot\share\prims\jni.cpp, line 520]
Event: 222.049 Thread 0x000001f1d6d8c4e0 Exception <a 'java/lang/NoSuchMethodError'{0x00000000d60fcfb0}: 'java.lang.Object java.lang.invoke.DirectMethodHandle$Holder.newInvokeSpecial(java.lang.Object, java.lang.Object, int, java.lang.Object, java.lang.Object)'> (0x00000000d60fcfb0) 
thrown [s\src\hotspot\share\interpreter\linkResolver.cpp, line 773]
Event: 222.077 Thread 0x000001f1d6d8c4e0 Exception <a 'java/lang/NoSuchMethodError'{0x00000000d6117b18}: 'java.lang.Object java.lang.invoke.DirectMethodHandle$Holder.invokeSpecial(java.lang.Object, java.lang.Object, java.lang.Object, int, java.lang.Object, java.lang.Object, java.lang.Object)'> (0x00000000d6117b18) 
thrown [s\src\hotspot\share\interpreter\linkResolver.cpp, line 773]

ZGC Phase Switch (0 events):
No events

VM Operations (20 events):
Event: 224.039 Executing safepoint VM operation: ParallelGCFailedAllocation (Allocation Failure)
Event: 224.041 Executing safepoint VM operation: ParallelGCFailedAllocation (Allocation Failure) done
Event: 224.221 Executing safepoint VM operation: ParallelGCFailedAllocation (Allocation Failure)
Event: 224.223 Executing safepoint VM operation: ParallelGCFailedAllocation (Allocation Failure) done
Event: 224.279 Executing safepoint VM operation: ParallelGCFailedAllocation (Allocation Failure)
Event: 224.281 Executing safepoint VM operation: ParallelGCFailedAllocation (Allocation Failure) done
Event: 225.227 Executing safepoint VM operation: ParallelGCFailedAllocation (Allocation Failure)
Event: 225.230 Executing safepoint VM operation: ParallelGCFailedAllocation (Allocation Failure) done
Event: 225.615 Executing safepoint VM operation: ParallelGCFailedAllocation (Allocation Failure)
Event: 225.621 Executing safepoint VM operation: ParallelGCFailedAllocation (Allocation Failure) done
Event: 225.951 Executing safepoint VM operation: ParallelGCFailedAllocation (Allocation Failure)
Event: 225.957 Executing safepoint VM operation: ParallelGCFailedAllocation (Allocation Failure) done
Event: 226.327 Executing safepoint VM operation: ParallelGCFailedAllocation (Allocation Failure)
Event: 226.332 Executing safepoint VM operation: ParallelGCFailedAllocation (Allocation Failure) done
Event: 226.772 Executing safepoint VM operation: ParallelGCFailedAllocation (Allocation Failure)
Event: 226.778 Executing safepoint VM operation: ParallelGCFailedAllocation (Allocation Failure) done
Event: 227.041 Executing safepoint VM operation: ParallelGCFailedAllocation (Allocation Failure)
Event: 227.046 Executing safepoint VM operation: ParallelGCFailedAllocation (Allocation Failure) done
Event: 227.364 Executing safepoint VM operation: ParallelGCFailedAllocation (Allocation Failure)
Event: 227.368 Executing safepoint VM operation: ParallelGCFailedAllocation (Allocation Failure) done

Memory protections (0 events):
No events

Nmethod flushes (20 events):
Event: 175.760 Thread 0x000001f1f8332610 flushing  nmethod 0x000001f180a6f690
Event: 175.760 Thread 0x000001f1f8332610 flushing  nmethod 0x000001f180a6fc90
Event: 175.760 Thread 0x000001f1f8332610 flushing  nmethod 0x000001f180a70e90
Event: 175.760 Thread 0x000001f1f8332610 flushing  nmethod 0x000001f180a73910
Event: 175.760 Thread 0x000001f1f8332610 flushing  nmethod 0x000001f180a74d90
Event: 175.760 Thread 0x000001f1f8332610 flushing  nmethod 0x000001f180a75f90
Event: 175.760 Thread 0x000001f1f8332610 flushing  nmethod 0x000001f180a76590
Event: 175.760 Thread 0x000001f1f8332610 flushing  nmethod 0x000001f180a76e10
Event: 175.760 Thread 0x000001f1f8332610 flushing  nmethod 0x000001f180a80d90
Event: 175.760 Thread 0x000001f1f8332610 flushing  nmethod 0x000001f180a82110
Event: 175.760 Thread 0x000001f1f8332610 flushing  nmethod 0x000001f180a86e90
Event: 175.760 Thread 0x000001f1f8332610 flushing  nmethod 0x000001f180a8b310
Event: 175.760 Thread 0x000001f1f8332610 flushing  nmethod 0x000001f180a8b790
Event: 175.760 Thread 0x000001f1f8332610 flushing  nmethod 0x000001f180a9e490
Event: 175.760 Thread 0x000001f1f8332610 flushing  nmethod 0x000001f180aa0a90
Event: 175.760 Thread 0x000001f1f8332610 flushing  nmethod 0x000001f180b04210
Event: 175.760 Thread 0x000001f1f8332610 flushing  nmethod 0x000001f180b0e910
Event: 175.760 Thread 0x000001f1f8332610 flushing  nmethod 0x000001f180b23990
Event: 175.760 Thread 0x000001f1f8332610 flushing  nmethod 0x000001f180b6c610
Event: 175.760 Thread 0x000001f1f8332610 flushing  nmethod 0x000001f180b77e90

Events (20 events):
Event: 218.382 Thread 0x000001f1d71e8400 Thread exited: 0x000001f1d71e8400
Event: 218.385 Thread 0x000001f1d71e9870 Thread exited: 0x000001f1d71e9870
Event: 218.415 Thread 0x000001f1f8342df0 Thread added: 0x000001f1d71e8400
Event: 219.011 Thread 0x000001f1d71e8400 Thread exited: 0x000001f1d71e8400
Event: 219.364 Thread 0x000001f1f835a990 Thread added: 0x000001f1d71e8400
Event: 219.657 Thread 0x000001f1d6d8c4e0 Thread added: 0x000001f1d9a57600
Event: 219.828 Thread 0x000001f1d6d8c4e0 Thread added: 0x000001f1d9a54180
Event: 220.128 Thread 0x000001f1d6d8c4e0 Thread added: 0x000001f1d9a54ea0
Event: 220.306 Thread 0x000001f1f835a990 Thread added: 0x000001f1da32de10
Event: 220.341 Thread 0x000001f1d6d8c4e0 Thread added: 0x000001f1d9a57c90
Event: 220.766 Thread 0x000001f1d6d8c4e0 Thread added: 0x000001f1d9a58320
Event: 221.040 Thread 0x000001f1d6d8c4e0 Thread added: 0x000001f1d9a55bc0
Event: 221.044 Thread 0x000001f1d6d8c4e0 Thread added: 0x000001f1d9a56250
Event: 221.728 Thread 0x000001f1da32de10 Thread exited: 0x000001f1da32de10
Event: 223.248 Thread 0x000001f1d71e8400 Thread exited: 0x000001f1d71e8400
Event: 224.764 Thread 0x000001f1d6d8cb70 Thread added: 0x000001f1d9a59d60
Event: 224.838 Thread 0x000001f1f835a990 Thread added: 0x000001f1d71e8400
Event: 225.161 Thread 0x000001f1d71e8400 Thread exited: 0x000001f1d71e8400
Event: 225.407 Thread 0x000001f1f835a990 Thread added: 0x000001f1d71e8400
Event: 225.632 Thread 0x000001f1f835a990 Thread added: 0x000001f1d698b330


Dynamic libraries:
0x00007ff664e00000 - 0x00007ff664e0e000 	c:\Users\Dinesh pandi\.vscode\extensions\redhat.java-1.53.0-win32-x64\jre\21.0.10-win32-x86_64\bin\java.exe
0x00007ff9f6360000 - 0x00007ff9f65c7000 	C:\WINDOWS\SYSTEM32\ntdll.dll
0x00007ff9f5520000 - 0x00007ff9f55e9000 	C:\WINDOWS\System32\KERNEL32.DLL
0x00007ff9f3120000 - 0x00007ff9f3514000 	C:\WINDOWS\System32\KERNELBASE.dll
0x00007ff9f3d90000 - 0x00007ff9f3edb000 	C:\WINDOWS\System32\ucrtbase.dll
0x00007ff9ed4d0000 - 0x00007ff9ed4ee000 	c:\Users\Dinesh pandi\.vscode\extensions\redhat.java-1.53.0-win32-x64\jre\21.0.10-win32-x86_64\bin\VCRUNTIME140.dll
0x00007ff9e74e0000 - 0x00007ff9e74f8000 	c:\Users\Dinesh pandi\.vscode\extensions\redhat.java-1.53.0-win32-x64\jre\21.0.10-win32-x86_64\bin\jli.dll
0x00007ff9f4d50000 - 0x00007ff9f4f15000 	C:\WINDOWS\System32\USER32.dll
0x00007ff9f3ee0000 - 0x00007ff9f3f07000 	C:\WINDOWS\System32\win32u.dll
0x00007ff9f42b0000 - 0x00007ff9f42db000 	C:\WINDOWS\System32\GDI32.dll
0x00007ff9dbef0000 - 0x00007ff9dc183000 	C:\WINDOWS\WinSxS\amd64_microsoft.windows.common-controls_6595b64144ccf1df_6.0.26100.8115_none_3e075c82e3354f9c\COMCTL32.dll
0x00007ff9f3f10000 - 0x00007ff9f403b000 	C:\WINDOWS\System32\gdi32full.dll
0x00007ff9f4040000 - 0x00007ff9f40e3000 	C:\WINDOWS\System32\msvcp_win.dll
0x00007ff9f42e0000 - 0x00007ff9f4389000 	C:\WINDOWS\System32\msvcrt.dll
0x00007ff9f5000000 - 0x00007ff9f5032000 	C:\WINDOWS\System32\IMM32.DLL
0x00007ff9ed4c0000 - 0x00007ff9ed4cc000 	c:\Users\Dinesh pandi\.vscode\extensions\redhat.java-1.53.0-win32-x64\jre\21.0.10-win32-x86_64\bin\vcruntime140_1.dll
0x00007ff9a9650000 - 0x00007ff9a96dd000 	c:\Users\Dinesh pandi\.vscode\extensions\redhat.java-1.53.0-win32-x64\jre\21.0.10-win32-x86_64\bin\msvcp140.dll
0x00007ff92d480000 - 0x00007ff92e221000 	c:\Users\Dinesh pandi\.vscode\extensions\redhat.java-1.53.0-win32-x64\jre\21.0.10-win32-x86_64\bin\server\jvm.dll
0x00007ff9f4b30000 - 0x00007ff9f4be6000 	C:\WINDOWS\System32\ADVAPI32.dll
0x00007ff9f4a80000 - 0x00007ff9f4b27000 	C:\WINDOWS\System32\sechost.dll
0x00007ff9f5040000 - 0x00007ff9f5158000 	C:\WINDOWS\System32\RPCRT4.dll
0x00007ff9f5d60000 - 0x00007ff9f5de0000 	C:\WINDOWS\System32\WS2_32.dll
0x00007ff9f2ab0000 - 0x00007ff9f2b0e000 	C:\WINDOWS\SYSTEM32\POWRPROF.dll
0x00007ff9e8040000 - 0x00007ff9e8076000 	C:\WINDOWS\SYSTEM32\WINMM.dll
0x00007ff9e7060000 - 0x00007ff9e706b000 	C:\WINDOWS\SYSTEM32\VERSION.dll
0x00007ff9f2a70000 - 0x00007ff9f2a84000 	C:\WINDOWS\SYSTEM32\UMPDC.dll
0x00007ff9f19c0000 - 0x00007ff9f19db000 	C:\WINDOWS\SYSTEM32\kernel.appcore.dll
0x00007ff9dd760000 - 0x00007ff9dd76a000 	c:\Users\Dinesh pandi\.vscode\extensions\redhat.java-1.53.0-win32-x64\jre\21.0.10-win32-x86_64\bin\jimage.dll
0x00007ff9e80a0000 - 0x00007ff9e82e2000 	C:\WINDOWS\SYSTEM32\DBGHELP.DLL
0x00007ff9f4570000 - 0x00007ff9f48f2000 	C:\WINDOWS\System32\combase.dll
0x00007ff9f5160000 - 0x00007ff9f5238000 	C:\WINDOWS\System32\OLEAUT32.dll
0x00007ff9dbd90000 - 0x00007ff9dbdcb000 	C:\WINDOWS\SYSTEM32\dbgcore.DLL
0x00007ff9f2fb0000 - 0x00007ff9f3055000 	C:\WINDOWS\System32\bcryptPrimitives.dll
0x00007ff9dd750000 - 0x00007ff9dd75f000 	c:\Users\Dinesh pandi\.vscode\extensions\redhat.java-1.53.0-win32-x64\jre\21.0.10-win32-x86_64\bin\instrument.dll
0x00007ff9a9630000 - 0x00007ff9a9650000 	c:\Users\Dinesh pandi\.vscode\extensions\redhat.java-1.53.0-win32-x64\jre\21.0.10-win32-x86_64\bin\java.dll
0x00007ff9f55f0000 - 0x00007ff9f5d57000 	C:\WINDOWS\System32\SHELL32.dll
0x00007ff9f2e40000 - 0x00007ff9f2faa000 	C:\WINDOWS\System32\wintypes.dll
0x00007ff9f3520000 - 0x00007ff9f3d88000 	C:\WINDOWS\System32\windows.storage.dll
0x00007ff9f4900000 - 0x00007ff9f49f8000 	C:\WINDOWS\System32\SHCORE.dll
0x00007ff9f5240000 - 0x00007ff9f52a6000 	C:\WINDOWS\System32\shlwapi.dll
0x00007ff9f2b50000 - 0x00007ff9f2b79000 	C:\WINDOWS\SYSTEM32\profapi.dll
0x00007ff98bdf0000 - 0x00007ff98be08000 	c:\Users\Dinesh pandi\.vscode\extensions\redhat.java-1.53.0-win32-x64\jre\21.0.10-win32-x86_64\bin\zip.dll
0x00007ff9dc460000 - 0x00007ff9dc470000 	C:\Users\Dinesh pandi\.vscode\extensions\redhat.java-1.53.0-win32-x64\jre\21.0.10-win32-x86_64\bin\net.dll
0x00007ff9ecd90000 - 0x00007ff9ecebd000 	C:\WINDOWS\SYSTEM32\WINHTTP.dll
0x00007ff9f1f30000 - 0x00007ff9f1f9c000 	C:\WINDOWS\system32\mswsock.dll
0x00007ff98abc0000 - 0x00007ff98abd6000 	C:\Users\Dinesh pandi\.vscode\extensions\redhat.java-1.53.0-win32-x64\jre\21.0.10-win32-x86_64\bin\nio.dll
0x00007ff9acd70000 - 0x00007ff9acd80000 	c:\Users\Dinesh pandi\.vscode\extensions\redhat.java-1.53.0-win32-x64\jre\21.0.10-win32-x86_64\bin\verify.dll
0x00007ff9bcb20000 - 0x00007ff9bcb65000 	C:\Users\Dinesh pandi\AppData\Roaming\Code\User\globalStorage\redhat.java\1.53.0\config_win\org.eclipse.equinox.launcher\org.eclipse.equinox.launcher.win32.win32.x86_64_1.3.0.v20260203-2149\eclipse_11919.dll
0x00007ff9f40f0000 - 0x00007ff9f4287000 	C:\WINDOWS\System32\ole32.dll
0x00007ff9e63d0000 - 0x00007ff9e63da000 	C:\Users\Dinesh pandi\.vscode\extensions\redhat.java-1.53.0-win32-x64\jre\21.0.10-win32-x86_64\bin\management.dll
0x00007ff9dfac0000 - 0x00007ff9dfacc000 	C:\Users\Dinesh pandi\.vscode\extensions\redhat.java-1.53.0-win32-x64\jre\21.0.10-win32-x86_64\bin\management_ext.dll
0x00007ff9f5390000 - 0x00007ff9f5398000 	C:\WINDOWS\System32\PSAPI.DLL
0x00007ff9f2210000 - 0x00007ff9f222b000 	C:\WINDOWS\SYSTEM32\CRYPTSP.dll
0x00007ff9f1920000 - 0x00007ff9f1959000 	C:\WINDOWS\system32\rsaenh.dll
0x00007ff9f1fe0000 - 0x00007ff9f2013000 	C:\WINDOWS\SYSTEM32\USERENV.dll
0x00007ff9f2b20000 - 0x00007ff9f2b4a000 	C:\WINDOWS\SYSTEM32\bcrypt.dll
0x00007ff9f2230000 - 0x00007ff9f223c000 	C:\WINDOWS\SYSTEM32\CRYPTBASE.dll
0x00007ff9f13a0000 - 0x00007ff9f13d2000 	C:\WINDOWS\SYSTEM32\IPHLPAPI.DLL
0x00007ff9f4290000 - 0x00007ff9f429a000 	C:\WINDOWS\System32\NSI.dll
0x00007ff9a4f90000 - 0x00007ff9a4fd9000 	C:\Users\Dinesh pandi\AppData\Local\Temp\jna--131203725\jna10703695971663323107.dll
0x00007ff9ed9a0000 - 0x00007ff9ed9bd000 	C:\WINDOWS\SYSTEM32\dhcpcsvc6.DLL
0x00007ff9ecf40000 - 0x00007ff9ecf65000 	C:\WINDOWS\SYSTEM32\dhcpcsvc.DLL
0x00007ff9dfab0000 - 0x00007ff9dfabe000 	C:\Users\Dinesh pandi\.vscode\extensions\redhat.java-1.53.0-win32-x64\jre\21.0.10-win32-x86_64\bin\sunmscapi.dll
0x00007ff9f2c30000 - 0x00007ff9f2da7000 	C:\WINDOWS\System32\CRYPT32.dll
0x00007ff9f2430000 - 0x00007ff9f2460000 	C:\WINDOWS\SYSTEM32\ncrypt.dll
0x00007ff9f23e0000 - 0x00007ff9f241f000 	C:\WINDOWS\SYSTEM32\NTASN1.dll
0x00007ff9f13e0000 - 0x00007ff9f1512000 	C:\WINDOWS\SYSTEM32\DNSAPI.dll
0x00007ff9ecb80000 - 0x00007ff9ecb8b000 	C:\Windows\System32\rasadhlp.dll
0x00007ff9ed9e0000 - 0x00007ff9eda66000 	C:\WINDOWS\System32\fwpuclnt.dll
0x00007ff9dfaa0000 - 0x00007ff9dfaa9000 	C:\Users\Dinesh pandi\.vscode\extensions\redhat.java-1.53.0-win32-x64\jre\21.0.10-win32-x86_64\bin\extnet.dll

JVMTI agents:
c:\Users\Dinesh pandi\.vscode\extensions\redhat.java-1.53.0-win32-x64\lombok\lombok-1.18.39-4050.jar path:c:\Users\Dinesh pandi\.vscode\extensions\redhat.java-1.53.0-win32-x64\jre\21.0.10-win32-x86_64\bin\instrument.dll, loaded, initialized, instrumentlib options:none

dbghelp: loaded successfully - version: 4.0.5 - missing functions: none
symbol engine: initialized successfully - sym options: 0x614 - pdb path: .;c:\Users\Dinesh pandi\.vscode\extensions\redhat.java-1.53.0-win32-x64\jre\21.0.10-win32-x86_64\bin;C:\WINDOWS\SYSTEM32;C:\WINDOWS\WinSxS\amd64_microsoft.windows.common-controls_6595b64144ccf1df_6.0.26100.8115_none_3e075c82e3354f9c;c:\Users\Dinesh pandi\.vscode\extensions\redhat.java-1.53.0-win32-x64\jre\21.0.10-win32-x86_64\bin\server;C:\Users\Dinesh pandi\AppData\Roaming\Code\User\globalStorage\redhat.java\1.53.0\config_win\org.eclipse.equinox.launcher\org.eclipse.equinox.launcher.win32.win32.x86_64_1.3.0.v20260203-2149;C:\Users\Dinesh pandi\AppData\Local\Temp\jna--131203725

VM Arguments:
jvm_args: --add-modules=ALL-SYSTEM --add-opens=java.base/java.util=ALL-UNNAMED --add-opens=java.base/java.lang=ALL-UNNAMED --add-opens=java.base/sun.nio.fs=ALL-UNNAMED -Declipse.application=org.eclipse.jdt.ls.core.id1 -Dosgi.bundles.defaultStartLevel=4 -Declipse.product=org.eclipse.jdt.ls.core.product -Djava.import.generatesMetadataFilesAtProjectRoot=false -DDetectVMInstallationsJob.disabled=true -Dfile.encoding=utf8 -XX:+UseParallelGC -XX:GCTimeRatio=4 -XX:AdaptiveSizePolicyWeight=90 -Dsun.zip.disableMemoryMapping=true -Xmx2G -Xms100m -Xlog:disable -javaagent:c:\Users\Dinesh pandi\.vscode\extensions\redhat.java-1.53.0-win32-x64\lombok\lombok-1.18.39-4050.jar -XX:+HeapDumpOnOutOfMemoryError -XX:HeapDumpPath=c:\Users\Dinesh pandi\AppData\Roaming\Code\User\workspaceStorage\2dd161475e944954f13a2998336b4a79\redhat.java -Daether.dependencyCollector.impl=bf 
java_command: c:\Users\Dinesh pandi\.vscode\extensions\redhat.java-1.53.0-win32-x64\server\plugins\org.eclipse.equinox.launcher_1.7.100.v20251111-0406.jar -configuration c:\Users\Dinesh pandi\AppData\Roaming\Code\User\globalStorage\redhat.java\1.53.0\config_win -data c:\Users\Dinesh pandi\AppData\Roaming\Code\User\workspaceStorage\2dd161475e944954f13a2998336b4a79\redhat.java\jdt_ws --pipe=\\.\pipe\lsp-6493141d11a8b31582f20686ef1edcf2-sock
java_class_path (initial): c:\Users\Dinesh pandi\.vscode\extensions\redhat.java-1.53.0-win32-x64\server\plugins\org.eclipse.equinox.launcher_1.7.100.v20251111-0406.jar
Launcher Type: SUN_STANDARD

[Global flags]
    uintx AdaptiveSizePolicyWeight                 = 90                                        {product} {command line}
     intx CICompilerCount                          = 4                                         {product} {ergonomic}
    uintx GCTimeRatio                              = 4                                         {product} {command line}
     bool HeapDumpOnOutOfMemoryError               = true                                   {manageable} {command line}
    ccstr HeapDumpPath                             = c:\Users\Dinesh pandi\AppData\Roaming\Code\User\workspaceStorage\2dd161475e944954f13a2998336b4a79\redhat.java         {manageable} {command line}
   size_t InitialHeapSize                          = 104857600                                 {product} {command line}
   size_t MaxHeapSize                              = 2147483648                                {product} {command line}
   size_t MaxNewSize                               = 715653120                                 {product} {ergonomic}
   size_t MinHeapDeltaBytes                        = 524288                                    {product} {ergonomic}
   size_t MinHeapSize                              = 104857600                                 {product} {command line}
   size_t NewSize                                  = 34603008                                  {product} {ergonomic}
    uintx NonNMethodCodeHeapSize                   = 5839372                                {pd product} {ergonomic}
    uintx NonProfiledCodeHeapSize                  = 122909434                              {pd product} {ergonomic}
   size_t OldSize                                  = 70254592                                  {product} {ergonomic}
    uintx ProfiledCodeHeapSize                     = 122909434                              {pd product} {ergonomic}
    uintx ReservedCodeCacheSize                    = 251658240                              {pd product} {ergonomic}
     bool SegmentedCodeCache                       = true                                      {product} {ergonomic}
   size_t SoftMaxHeapSize                          = 2147483648                             {manageable} {ergonomic}
     bool UseCompressedOops                        = true                           {product lp64_product} {ergonomic}
     bool UseLargePagesIndividualAllocation        = false                                  {pd product} {ergonomic}
     bool UseParallelGC                            = true                                      {product} {command line}

Logging:
Log output configuration:
 #0: stdout all=off uptime,level,tags foldmultilines=false
 #1: stderr all=off uptime,level,tags foldmultilines=false

Release file:
JAVA_VERSION="21.0.10" 
MODULES="java.base java.compiler java.datatransfer java.xml java.prefs java.desktop java.instrument java.logging java.management java.security.sasl java.naming java.rmi java.management.rmi java.net.http java.scripting java.security.jgss java.transaction.xa java.sql java.sql.rowset java.xml.crypto java.se java.smartcardio jdk.accessibility jdk.internal.jvmstat jdk.attach jdk.charsets jdk.internal.opt jdk.zipfs jdk.compiler jdk.crypto.ec jdk.crypto.cryptoki jdk.crypto.mscapi jdk.dynalink jdk.internal.ed jdk.editpad jdk.hotspot.agent jdk.httpserver jdk.internal.le jdk.internal.vm.ci jdk.internal.vm.compiler jdk.internal.vm.compiler.management jdk.jartool jdk.javadoc jdk.jcmd jdk.management jdk.management.agent jdk.jconsole jdk.jdeps jdk.jdwp.agent jdk.jdi jdk.jfr jdk.jshell jdk.jsobject jdk.jstatd jdk.localedata jdk.management.jfr jdk.naming.dns jdk.naming.rmi jdk.net jdk.nio.mapmode jdk.random jdk.sctp jdk.security.auth jdk.security.jgss jdk.unsupported jdk.unsupported.desktop jdk.xml.dom" 

Environment Variables:
JAVA_HOME=C:\Program Files\Java\jdk-17
PATH=C:\Users\Dinesh pandi\AppData\Local\Programs\Microsoft VS Code;C:\Program Files (x86)\VMware\VMware Workstation\bin\;C:\Program Files\Common Files\Oracle\Java\javapath;c:\Users\Dinesh pandi\AppData\Local\Programs\cursor\resources\app\bin;C:\WINDOWS\system32;C:\WINDOWS;C:\WINDOWS\System32\Wbem;C:\WINDOWS\System32\WindowsPowerShell\v1.0\;C:\WINDOWS\System32\OpenSSH\;C:\MinGW\bin;C:\Program Files\PuTTY\;C:\Users\Dinesh pandi\AppData\Local\Programs\Python\Launcher\;C:\Users\Dinesh pandi\AppData\Local\Microsoft\WindowsApps;C:\Users\Dinesh pandi\AppData\Roaming\npm;C:\Users\hp\AppData\Local\Programs\Python\Python311\Scripts\;C:\Users\hp\AppData\Local\Programs\Python\Python311\;C:\Users\Dinesh pandi\AppData\Local\Programs\cursor\resources\app\bin;c:\Users\Dinesh pandi\AppData\Local\Programs\cursor\resources\app\bin;C:\Program Files\nodejs\;C:\Users\Dinesh pandi\AppData\Local\Android\Sdk;C:\Program Files\Git\cmd;C:\Users\Dinesh pandi\AppData\Local\Android\Sdk\platform-tools;E:\SIH2025\platform-tools;C:\Program Files\Java\jdk-17;C:\Program Files\Java\jdk-17\bin;C:\Users\Dinesh pandi\AppData\Local\Android\Sdk\emulator;C:\Program Files (x86)\Microsoft SQL Server\170\Tools\Binn\;C:\Program Files\Microsoft SQL Server\170\Tools\Binn\;C:\Program Files\Microsoft SQL Server\Client SDK\ODBC\180\Tools\Binn\;C:\Program Files\Microsoft SQL Server\170\DTS\Binn\;C:\Users\Dinesh pandi\Downloads\ffmpeg-8.0.1-essentials_build\ffmpeg-8.0.1-essentials_build\bin;C:\Users\Dinesh pandi\AppData\Local\Programs\Python\Python310\Scripts\;C:\Users\Dinesh pandi\AppData\Local\Programs\Python\Python310\;C:\Users\Dinesh pandi\AppData\Local\Programs\Microsoft VS Code\bin;C:\Program Files\JetBrains\IntelliJ IDEA 2025.2.3\bin;C:\Users\Dinesh pandi\AppData\Local\Programs\Antigravity\bin
USERNAME=Dinesh pandi
OS=Windows_NT
PROCESSOR_IDENTIFIER=AMD64 Family 23 Model 160 Stepping 0, AuthenticAMD
TMP=C:\Users\DINESH~1\AppData\Local\Temp
TEMP=C:\Users\DINESH~1\AppData\Local\Temp




Periodic native trim disabled

---------------  S Y S T E M  ---------------

OS:
 Windows 11 , 64 bit Build 26100 (10.0.26100.8246)
OS uptime: 2 days 12:56 hours
Hyper-V role detected

CPU: total 8 (initial active 8) (8 cores per cpu, 2 threads per core) family 23 model 160 stepping 0 microcode 0x8a0000a, cx8, cmov, fxsr, ht, mmx, 3dnowpref, sse, sse2, sse3, ssse3, sse4a, sse4.1, sse4.2, popcnt, lzcnt, tsc, tscinvbit, avx, avx2, aes, clmul, bmi1, bmi2, adx, sha, fma, vzeroupper, clflush, clflushopt, hv, rdtscp, rdpid, f16c
Processor Information for the first 8 processors :
  Max Mhz: 2801, Current Mhz: 2483, Mhz Limit: 2801

Memory: 4k page, system-wide physical 15610M (512M free)
TotalPageFile size 21701M (AvailPageFile size 8M)
current process WorkingSet (physical memory assigned to process): 479M, peak: 488M
current process commit charge ("private bytes"): 554M, peak: 560M

vm_info: OpenJDK 64-Bit Server VM (21.0.10+7-LTS) for windows-amd64 JRE (21.0.10+7-LTS), built on 2026-01-20T00:00:00Z by "admin" with MS VC++ 17.12 (VS2022)

END.
